2025-05-15 22:11:07,657 INFO: E:\Campus Management System\campus_mgmt\middleware\user_action_logger.py changed, reloading.
2025-05-15 22:11:21,921 INFO: neha logged in
2025-05-15 22:13:01,568 WARNING: Not Found: /middleware/user_action_logger/
2025-05-15 22:13:14,804 INFO: neha logged in
2025-05-15 22:14:27,730 INFO: neha logged in
2025-05-15 22:14:51,173 WARNING: Not Found: /middleware/user_action_logger/
2025-05-15 22:14:55,128 WARNING: Not Found: /middleware/user_action_logger/
2025-05-15 22:19:17,277 INFO: neha logged in
2025-05-15 22:19:25,415 WARNING: Forbidden (CSRF token from POST incorrect.): /accounts/login/
2025-05-15 22:19:25,422 INFO: neha logged in
2025-05-15 22:19:31,429 INFO: neha logged in
2025-05-15 22:19:42,230 INFO: admin logged in
2025-05-15 22:20:19,590 INFO: admin enrolled in a course
2025-05-15 22:20:19,591 WARNING: Not Found: /accounts//courses/enroll/
2025-05-15 22:20:24,807 INFO: admin enrolled in a course
2025-05-15 22:20:24,808 WARNING: Not Found: /accounts/courses/enroll/
2025-05-15 22:20:40,677 INFO: admin enrolled in a course
2025-05-16 12:09:22,793 INFO: E:\Campus Management System\campus_mgmt\accounts\apps.py changed, reloading.
2025-05-16 12:09:28,712 INFO: E:\Campus Management System\campus_mgmt\accounts\signals.py changed, reloading.
2025-05-16 12:10:15,781 INFO: E:\Campus Management System\campus_mgmt\campus_mgmt\settings.py changed, reloading.
2025-05-16 12:14:34,305 INFO: E:\Campus Management System\campus_mgmt\submissions\views.py changed, reloading.
2025-05-16 12:21:51,584 INFO: E:\Campus Management System\campus_mgmt\accounts\views.py changed, reloading.
2025-05-16 12:26:03,020 INFO: admin logged in
2025-05-16 12:26:04,597 WARNING: Not Found: /favicon.ico
2025-05-16 12:32:05,694 INFO: admin logged in
2025-05-16 12:37:11,015 INFO: admin logged in
2025-05-16 12:37:27,405 INFO: neha logged in
2025-05-16 12:37:27,487 ERROR: Internal Server Error: /accounts/teacher_dashboard/
Traceback (most recent call last):
  File "E:\Campus Management System\campus_mgmt\env\Lib\site-packages\django\core\handlers\exception.py", line 55, in inner
    response = get_response(request)
  File "E:\Campus Management System\campus_mgmt\env\Lib\site-packages\django\core\handlers\base.py", line 204, in _get_response
    self.check_response(response, callback)
    ~~~~~~~~~~~~~~~~~~~^^^^^^^^^^^^^^^^^^^^
  File "E:\Campus Management System\campus_mgmt\env\Lib\site-packages\django\core\handlers\base.py", line 332, in check_response
    raise ValueError(
    ...<2 lines>...
    )
ValueError: The view accounts.views.dashboard_view didn't return an HttpResponse object. It returned None instead.
2025-05-16 12:37:41,369 WARNING: Forbidden (CSRF token from POST incorrect.): /accounts/login/
2025-05-16 12:37:41,374 INFO: neha logged in
2025-05-16 12:38:15,100 INFO: neha logged in
2025-05-16 12:38:19,658 INFO: neha logged in
2025-05-16 12:38:19,725 ERROR: Internal Server Error: /accounts/teacher_dashboard/
Traceback (most recent call last):
  File "E:\Campus Management System\campus_mgmt\env\Lib\site-packages\django\core\handlers\exception.py", line 55, in inner
    response = get_response(request)
  File "E:\Campus Management System\campus_mgmt\env\Lib\site-packages\django\core\handlers\base.py", line 204, in _get_response
    self.check_response(response, callback)
    ~~~~~~~~~~~~~~~~~~~^^^^^^^^^^^^^^^^^^^^
  File "E:\Campus Management System\campus_mgmt\env\Lib\site-packages\django\core\handlers\base.py", line 332, in check_response
    raise ValueError(
    ...<2 lines>...
    )
ValueError: The view accounts.views.dashboard_view didn't return an HttpResponse object. It returned None instead.
2025-05-16 12:45:20,040 INFO: E:\Campus Management System\campus_mgmt\accounts\views.py changed, reloading.
2025-05-16 12:45:42,436 INFO: neha logged in
2025-05-16 12:45:56,659 INFO: admin logged in
2025-05-16 12:54:40,595 INFO: admin logged in
2025-05-16 12:55:05,611 INFO: Purva logged in
2025-05-16 12:57:50,425 INFO: Purva logged in
2025-05-16 12:57:55,560 INFO: Purva logged in
2025-05-16 12:58:46,533 INFO: admin logged in
2025-05-16 13:14:14,909 INFO: E:\Campus Management System\campus_mgmt\courses\views.py changed, reloading.
2025-05-16 13:30:12,223 INFO: E:\Campus Management System\campus_mgmt\campus_mgmt\settings.py changed, reloading.
2025-05-16 13:31:41,684 INFO: E:\Campus Management System\campus_mgmt\campus_mgmt\urls.py changed, reloading.
2025-05-16 13:44:54,396 WARNING: Not Found: /accounts/dashboard/
2025-05-16 13:45:56,037 WARNING: Not Found: /accounts/dashboard/
2025-05-16 13:57:34,817 WARNING: Not Found: /accounts/admin_dashboard/
2025-05-16 13:59:23,832 INFO: E:\Campus Management System\campus_mgmt\accounts\urls.py changed, reloading.
2025-05-16 14:04:50,524 WARNING: Not Found: /media/submissions/
2025-05-16 14:07:12,557 WARNING: Not Found: /media/submissions/DAA.docs
2025-05-16 14:07:21,880 WARNING: Not Found: /media/submissions/DAA.docs/
2025-05-16 14:08:22,996 WARNING: Not Found: /media/submissions/DAA.docs
2025-05-16 14:08:26,505 WARNING: Not Found: /media/submissions/DAA.docs/
2025-05-16 14:09:14,451 INFO: admin logged in
2025-05-16 14:09:27,739 WARNING: Not Found: /media/submissions/
2025-05-16 14:09:45,081 INFO: admin logged in
2025-05-16 14:18:06,887 INFO: admin logged in
2025-05-16 14:21:19,061 WARNING: Unauthorized: /api/courses/
2025-05-16 14:21:37,680 WARNING: Unauthorized: /api/enrollments/
2025-05-16 14:24:53,834 WARNING: Method Not Allowed: /api/token/
2025-05-16 19:47:56,431 INFO: admin logged in
2025-05-16 19:48:17,997 WARNING: Unauthorized: /api/courses/
2025-05-16 19:49:45,368 WARNING: Not Found: /app/tests/test_models.py
2025-05-16 19:49:52,685 INFO: admin logged in
2025-05-16 19:50:06,483 WARNING: Not Found: /app/tests/test_models.py
2025-05-16 20:07:49,110 INFO: student1 logged in
2025-05-16 20:08:00,085 INFO: student1 logged in
2025-05-16 20:10:29,167 INFO: student1 logged in
2025-05-16 20:16:09,614 INFO: student1 logged in
2025-05-16 20:17:28,373 INFO: admin logged in
2025-05-16 20:23:47,663 INFO: E:\Campus Management System\campus_mgmt\courses\views.py changed, reloading.
2025-05-16 20:24:18,884 INFO: E:\Campus Management System\campus_mgmt\courses\urls.py changed, reloading.
2025-05-16 20:40:34,072 INFO: E:\Campus Management System\campus_mgmt\submissions\views.py changed, reloading.
2025-05-16 20:40:54,081 INFO: E:\Campus Management System\campus_mgmt\submissions\views.py changed, reloading.
2025-05-16 20:41:36,843 INFO: E:\Campus Management System\campus_mgmt\submissions\urls.py changed, reloading.
2025-05-16 21:31:32,956 ERROR: Internal Server Error: /courses/
Traceback (most recent call last):
  File "E:\Campus Management System\campus_mgmt\env\Lib\site-packages\django\core\handlers\exception.py", line 55, in inner
    response = get_response(request)
  File "E:\Campus Management System\campus_mgmt\env\Lib\site-packages\django\core\handlers\base.py", line 197, in _get_response
    response = wrapped_callback(request, *callback_args, **callback_kwargs)
  File "E:\Campus Management System\campus_mgmt\env\Lib\site-packages\django\views\generic\base.py", line 104, in view
    return self.dispatch(request, *args, **kwargs)
           ~~~~~~~~~~~~~^^^^^^^^^^^^^^^^^^^^^^^^^^
  File "E:\Campus Management System\campus_mgmt\env\Lib\site-packages\django\views\generic\base.py", line 143, in dispatch
    return handler(request, *args, **kwargs)
  File "E:\Campus Management System\campus_mgmt\env\Lib\site-packages\django\views\generic\list.py", line 158, in get
    self.object_list = self.get_queryset()
                       ~~~~~~~~~~~~~~~~~^^
  File "E:\Campus Management System\campus_mgmt\courses\views.py", line 75, in get_queryset
    queryset = queryset.filter(
        Q(title__icontains=query) | Q(description__icontains=query)
    )
  File "E:\Campus Management System\campus_mgmt\env\Lib\site-packages\django\db\models\query.py", line 1491, in filter
    return self._filter_or_exclude(False, args, kwargs)
           ~~~~~~~~~~~~~~~~~~~~~~~^^^^^^^^^^^^^^^^^^^^^
  File "E:\Campus Management System\campus_mgmt\env\Lib\site-packages\django\db\models\query.py", line 1509, in _filter_or_exclude
    clone._filter_or_exclude_inplace(negate, args, kwargs)
    ~~~~~~~~~~~~~~~~~~~~~~~~~~~~~~~~^^^^^^^^^^^^^^^^^^^^^^
  File "E:\Campus Management System\campus_mgmt\env\Lib\site-packages\django\db\models\query.py", line 1516, in _filter_or_exclude_inplace
    self._query.add_q(Q(*args, **kwargs))
    ~~~~~~~~~~~~~~~~~^^^^^^^^^^^^^^^^^^^^
  File "E:\Campus Management System\campus_mgmt\env\Lib\site-packages\django\db\models\sql\query.py", line 1643, in add_q
    clause, _ = self._add_q(q_object, can_reuse)
                ~~~~~~~~~~~^^^^^^^^^^^^^^^^^^^^^
  File "E:\Campus Management System\campus_mgmt\env\Lib\site-packages\django\db\models\sql\query.py", line 1675, in _add_q
    child_clause, needed_inner = self.build_filter(
                                 ~~~~~~~~~~~~~~~~~^
        child,
        ^^^^^^
    ...<7 lines>...
        update_join_types=update_join_types,
        ^^^^^^^^^^^^^^^^^^^^^^^^^^^^^^^^^^^^
    )
    ^
  File "E:\Campus Management System\campus_mgmt\env\Lib\site-packages\django\db\models\sql\query.py", line 1500, in build_filter
    return self._add_q(
           ~~~~~~~~~~~^
        filter_expr,
        ^^^^^^^^^^^^
    ...<7 lines>...
        update_join_types=update_join_types,
        ^^^^^^^^^^^^^^^^^^^^^^^^^^^^^^^^^^^^
    )
    ^
  File "E:\Campus Management System\campus_mgmt\env\Lib\site-packages\django\db\models\sql\query.py", line 1675, in _add_q
    child_clause, needed_inner = self.build_filter(
                                 ~~~~~~~~~~~~~~~~~^
        child,
        ^^^^^^
    ...<7 lines>...
        update_join_types=update_join_types,
        ^^^^^^^^^^^^^^^^^^^^^^^^^^^^^^^^^^^^
    )
    ^
  File "E:\Campus Management System\campus_mgmt\env\Lib\site-packages\django\db\models\sql\query.py", line 1523, in build_filter
    lookups, parts, reffed_expression = self.solve_lookup_type(arg, summarize)
                                        ~~~~~~~~~~~~~~~~~~~~~~^^^^^^^^^^^^^^^^
  File "E:\Campus Management System\campus_mgmt\env\Lib\site-packages\django\db\models\sql\query.py", line 1330, in solve_lookup_type
    _, field, _, lookup_parts = self.names_to_path(lookup_splitted, self.get_meta())
                                ~~~~~~~~~~~~~~~~~~^^^^^^^^^^^^^^^^^^^^^^^^^^^^^^^^^^
  File "E:\Campus Management System\campus_mgmt\env\Lib\site-packages\django\db\models\sql\query.py", line 1802, in names_to_path
    raise FieldError(
    ...<2 lines>...
    )
django.core.exceptions.FieldError: Cannot resolve keyword 'title' into field. Choices are: assignment, created_at, description, enrollment, id, name, result, teacher, teacher_id
2025-05-16 21:31:44,701 ERROR: Internal Server Error: /courses/
Traceback (most recent call last):
  File "E:\Campus Management System\campus_mgmt\env\Lib\site-packages\django\core\handlers\exception.py", line 55, in inner
    response = get_response(request)
  File "E:\Campus Management System\campus_mgmt\env\Lib\site-packages\django\core\handlers\base.py", line 197, in _get_response
    response = wrapped_callback(request, *callback_args, **callback_kwargs)
  File "E:\Campus Management System\campus_mgmt\env\Lib\site-packages\django\views\generic\base.py", line 104, in view
    return self.dispatch(request, *args, **kwargs)
           ~~~~~~~~~~~~~^^^^^^^^^^^^^^^^^^^^^^^^^^
  File "E:\Campus Management System\campus_mgmt\env\Lib\site-packages\django\views\generic\base.py", line 143, in dispatch
    return handler(request, *args, **kwargs)
  File "E:\Campus Management System\campus_mgmt\env\Lib\site-packages\django\views\generic\list.py", line 158, in get
    self.object_list = self.get_queryset()
                       ~~~~~~~~~~~~~~~~~^^
  File "E:\Campus Management System\campus_mgmt\courses\views.py", line 75, in get_queryset
    queryset = queryset.filter(
        Q(title__icontains=query) | Q(description__icontains=query)
    )
  File "E:\Campus Management System\campus_mgmt\env\Lib\site-packages\django\db\models\query.py", line 1491, in filter
    return self._filter_or_exclude(False, args, kwargs)
           ~~~~~~~~~~~~~~~~~~~~~~~^^^^^^^^^^^^^^^^^^^^^
  File "E:\Campus Management System\campus_mgmt\env\Lib\site-packages\django\db\models\query.py", line 1509, in _filter_or_exclude
    clone._filter_or_exclude_inplace(negate, args, kwargs)
    ~~~~~~~~~~~~~~~~~~~~~~~~~~~~~~~~^^^^^^^^^^^^^^^^^^^^^^
  File "E:\Campus Management System\campus_mgmt\env\Lib\site-packages\django\db\models\query.py", line 1516, in _filter_or_exclude_inplace
    self._query.add_q(Q(*args, **kwargs))
    ~~~~~~~~~~~~~~~~~^^^^^^^^^^^^^^^^^^^^
  File "E:\Campus Management System\campus_mgmt\env\Lib\site-packages\django\db\models\sql\query.py", line 1643, in add_q
    clause, _ = self._add_q(q_object, can_reuse)
                ~~~~~~~~~~~^^^^^^^^^^^^^^^^^^^^^
  File "E:\Campus Management System\campus_mgmt\env\Lib\site-packages\django\db\models\sql\query.py", line 1675, in _add_q
    child_clause, needed_inner = self.build_filter(
                                 ~~~~~~~~~~~~~~~~~^
        child,
        ^^^^^^
    ...<7 lines>...
        update_join_types=update_join_types,
        ^^^^^^^^^^^^^^^^^^^^^^^^^^^^^^^^^^^^
    )
    ^
  File "E:\Campus Management System\campus_mgmt\env\Lib\site-packages\django\db\models\sql\query.py", line 1500, in build_filter
    return self._add_q(
           ~~~~~~~~~~~^
        filter_expr,
        ^^^^^^^^^^^^
    ...<7 lines>...
        update_join_types=update_join_types,
        ^^^^^^^^^^^^^^^^^^^^^^^^^^^^^^^^^^^^
    )
    ^
  File "E:\Campus Management System\campus_mgmt\env\Lib\site-packages\django\db\models\sql\query.py", line 1675, in _add_q
    child_clause, needed_inner = self.build_filter(
                                 ~~~~~~~~~~~~~~~~~^
        child,
        ^^^^^^
    ...<7 lines>...
        update_join_types=update_join_types,
        ^^^^^^^^^^^^^^^^^^^^^^^^^^^^^^^^^^^^
    )
    ^
  File "E:\Campus Management System\campus_mgmt\env\Lib\site-packages\django\db\models\sql\query.py", line 1523, in build_filter
    lookups, parts, reffed_expression = self.solve_lookup_type(arg, summarize)
                                        ~~~~~~~~~~~~~~~~~~~~~~^^^^^^^^^^^^^^^^
  File "E:\Campus Management System\campus_mgmt\env\Lib\site-packages\django\db\models\sql\query.py", line 1330, in solve_lookup_type
    _, field, _, lookup_parts = self.names_to_path(lookup_splitted, self.get_meta())
                                ~~~~~~~~~~~~~~~~~~^^^^^^^^^^^^^^^^^^^^^^^^^^^^^^^^^^
  File "E:\Campus Management System\campus_mgmt\env\Lib\site-packages\django\db\models\sql\query.py", line 1802, in names_to_path
    raise FieldError(
    ...<2 lines>...
    )
django.core.exceptions.FieldError: Cannot resolve keyword 'title' into field. Choices are: assignment, created_at, description, enrollment, id, name, result, teacher, teacher_id
2025-05-16 21:31:52,769 INFO: admin enrolled in a course
2025-05-16 21:32:10,688 ERROR: Internal Server Error: /courses/
Traceback (most recent call last):
  File "E:\Campus Management System\campus_mgmt\env\Lib\site-packages\django\core\handlers\exception.py", line 55, in inner
    response = get_response(request)
  File "E:\Campus Management System\campus_mgmt\env\Lib\site-packages\django\core\handlers\base.py", line 197, in _get_response
    response = wrapped_callback(request, *callback_args, **callback_kwargs)
  File "E:\Campus Management System\campus_mgmt\env\Lib\site-packages\django\views\generic\base.py", line 104, in view
    return self.dispatch(request, *args, **kwargs)
           ~~~~~~~~~~~~~^^^^^^^^^^^^^^^^^^^^^^^^^^
  File "E:\Campus Management System\campus_mgmt\env\Lib\site-packages\django\views\generic\base.py", line 143, in dispatch
    return handler(request, *args, **kwargs)
  File "E:\Campus Management System\campus_mgmt\env\Lib\site-packages\django\views\generic\list.py", line 158, in get
    self.object_list = self.get_queryset()
                       ~~~~~~~~~~~~~~~~~^^
  File "E:\Campus Management System\campus_mgmt\courses\views.py", line 75, in get_queryset
    queryset = queryset.filter(
        Q(title__icontains=query) | Q(description__icontains=query)
    )
  File "E:\Campus Management System\campus_mgmt\env\Lib\site-packages\django\db\models\query.py", line 1491, in filter
    return self._filter_or_exclude(False, args, kwargs)
           ~~~~~~~~~~~~~~~~~~~~~~~^^^^^^^^^^^^^^^^^^^^^
  File "E:\Campus Management System\campus_mgmt\env\Lib\site-packages\django\db\models\query.py", line 1509, in _filter_or_exclude
    clone._filter_or_exclude_inplace(negate, args, kwargs)
    ~~~~~~~~~~~~~~~~~~~~~~~~~~~~~~~~^^^^^^^^^^^^^^^^^^^^^^
  File "E:\Campus Management System\campus_mgmt\env\Lib\site-packages\django\db\models\query.py", line 1516, in _filter_or_exclude_inplace
    self._query.add_q(Q(*args, **kwargs))
    ~~~~~~~~~~~~~~~~~^^^^^^^^^^^^^^^^^^^^
  File "E:\Campus Management System\campus_mgmt\env\Lib\site-packages\django\db\models\sql\query.py", line 1643, in add_q
    clause, _ = self._add_q(q_object, can_reuse)
                ~~~~~~~~~~~^^^^^^^^^^^^^^^^^^^^^
  File "E:\Campus Management System\campus_mgmt\env\Lib\site-packages\django\db\models\sql\query.py", line 1675, in _add_q
    child_clause, needed_inner = self.build_filter(
                                 ~~~~~~~~~~~~~~~~~^
        child,
        ^^^^^^
    ...<7 lines>...
        update_join_types=update_join_types,
        ^^^^^^^^^^^^^^^^^^^^^^^^^^^^^^^^^^^^
    )
    ^
  File "E:\Campus Management System\campus_mgmt\env\Lib\site-packages\django\db\models\sql\query.py", line 1500, in build_filter
    return self._add_q(
           ~~~~~~~~~~~^
        filter_expr,
        ^^^^^^^^^^^^
    ...<7 lines>...
        update_join_types=update_join_types,
        ^^^^^^^^^^^^^^^^^^^^^^^^^^^^^^^^^^^^
    )
    ^
  File "E:\Campus Management System\campus_mgmt\env\Lib\site-packages\django\db\models\sql\query.py", line 1675, in _add_q
    child_clause, needed_inner = self.build_filter(
                                 ~~~~~~~~~~~~~~~~~^
        child,
        ^^^^^^
    ...<7 lines>...
        update_join_types=update_join_types,
        ^^^^^^^^^^^^^^^^^^^^^^^^^^^^^^^^^^^^
    )
    ^
  File "E:\Campus Management System\campus_mgmt\env\Lib\site-packages\django\db\models\sql\query.py", line 1523, in build_filter
    lookups, parts, reffed_expression = self.solve_lookup_type(arg, summarize)
                                        ~~~~~~~~~~~~~~~~~~~~~~^^^^^^^^^^^^^^^^
  File "E:\Campus Management System\campus_mgmt\env\Lib\site-packages\django\db\models\sql\query.py", line 1330, in solve_lookup_type
    _, field, _, lookup_parts = self.names_to_path(lookup_splitted, self.get_meta())
                                ~~~~~~~~~~~~~~~~~~^^^^^^^^^^^^^^^^^^^^^^^^^^^^^^^^^^
  File "E:\Campus Management System\campus_mgmt\env\Lib\site-packages\django\db\models\sql\query.py", line 1802, in names_to_path
    raise FieldError(
    ...<2 lines>...
    )
django.core.exceptions.FieldError: Cannot resolve keyword 'title' into field. Choices are: assignment, created_at, description, enrollment, id, name, result, teacher, teacher_id
2025-05-16 21:37:02,411 INFO: E:\Campus Management System\campus_mgmt\courses\views.py changed, reloading.
2025-05-16 21:37:49,630 INFO: E:\Campus Management System\campus_mgmt\courses\views.py changed, reloading.
2025-05-16 21:39:51,658 INFO: admin submitted an assignment
2025-05-16 21:40:06,827 ERROR: Internal Server Error: /submissions/upload/
Traceback (most recent call last):
  File "E:\Campus Management System\campus_mgmt\env\Lib\site-packages\django\core\handlers\exception.py", line 55, in inner
    response = get_response(request)
  File "E:\Campus Management System\campus_mgmt\env\Lib\site-packages\django\core\handlers\base.py", line 197, in _get_response
    response = wrapped_callback(request, *callback_args, **callback_kwargs)
  File "E:\Campus Management System\campus_mgmt\env\Lib\site-packages\django\contrib\auth\decorators.py", line 59, in _view_wrapper
    return view_func(request, *args, **kwargs)
  File "E:\Campus Management System\campus_mgmt\submissions\views.py", line 19, in assignment_upload
    return redirect('my-submissions')
  File "E:\Campus Management System\campus_mgmt\env\Lib\site-packages\django\shortcuts.py", line 51, in redirect
    resolve_url(to, *args, **kwargs),
    ~~~~~~~~~~~^^^^^^^^^^^^^^^^^^^^^
  File "E:\Campus Management System\campus_mgmt\env\Lib\site-packages\django\shortcuts.py", line 184, in resolve_url
    return reverse(to, args=args, kwargs=kwargs)
  File "E:\Campus Management System\campus_mgmt\env\Lib\site-packages\django\urls\base.py", line 98, in reverse
    resolved_url = resolver._reverse_with_prefix(view, prefix, *args, **kwargs)
  File "E:\Campus Management System\campus_mgmt\env\Lib\site-packages\django\urls\resolvers.py", line 831, in _reverse_with_prefix
    raise NoReverseMatch(msg)
django.urls.exceptions.NoReverseMatch: Reverse for 'my-submissions' not found. 'my-submissions' is not a valid view function or pattern name.
2025-05-16 21:40:07,011 INFO: admin submitted an assignment
2025-05-16 21:40:50,021 ERROR: Internal Server Error: /submissions/upload/
Traceback (most recent call last):
  File "E:\Campus Management System\campus_mgmt\env\Lib\site-packages\django\core\handlers\exception.py", line 55, in inner
    response = get_response(request)
  File "E:\Campus Management System\campus_mgmt\env\Lib\site-packages\django\core\handlers\base.py", line 197, in _get_response
    response = wrapped_callback(request, *callback_args, **callback_kwargs)
  File "E:\Campus Management System\campus_mgmt\env\Lib\site-packages\django\contrib\auth\decorators.py", line 59, in _view_wrapper
    return view_func(request, *args, **kwargs)
  File "E:\Campus Management System\campus_mgmt\submissions\views.py", line 19, in assignment_upload
    return redirect('my-submissions')
  File "E:\Campus Management System\campus_mgmt\env\Lib\site-packages\django\shortcuts.py", line 51, in redirect
    resolve_url(to, *args, **kwargs),
    ~~~~~~~~~~~^^^^^^^^^^^^^^^^^^^^^
  File "E:\Campus Management System\campus_mgmt\env\Lib\site-packages\django\shortcuts.py", line 184, in resolve_url
    return reverse(to, args=args, kwargs=kwargs)
  File "E:\Campus Management System\campus_mgmt\env\Lib\site-packages\django\urls\base.py", line 98, in reverse
    resolved_url = resolver._reverse_with_prefix(view, prefix, *args, **kwargs)
  File "E:\Campus Management System\campus_mgmt\env\Lib\site-packages\django\urls\resolvers.py", line 831, in _reverse_with_prefix
    raise NoReverseMatch(msg)
django.urls.exceptions.NoReverseMatch: Reverse for 'my-submissions' not found. 'my-submissions' is not a valid view function or pattern name.
2025-05-16 21:40:50,031 INFO: admin submitted an assignment
2025-05-16 21:53:10,730 INFO: E:\Campus Management System\campus_mgmt\submissions\views.py changed, reloading.
2025-05-16 21:53:33,256 INFO: E:\Campus Management System\campus_mgmt\submissions\urls.py changed, reloading.
2025-05-16 21:54:34,885 INFO: admin submitted an assignment
2025-05-16 21:59:53,010 INFO: E:\Campus Management System\campus_mgmt\submissions\models.py changed, reloading.
2025-05-17 20:40:51,002 INFO: admin logged in
2025-05-17 20:40:51,902 WARNING: Not Found: /favicon.ico
2025-05-17 20:45:19,554 WARNING: Not Found: /.well-known/appspecific/com.chrome.devtools.json
2025-05-17 20:51:23,197 INFO: admin logged in
2025-05-17 20:51:23,543 WARNING: Not Found: /.well-known/appspecific/com.chrome.devtools.json
2025-05-17 20:52:49,478 INFO: Purva logged in
2025-05-17 20:53:07,530 INFO: admin logged in
2025-05-17 20:53:23,454 INFO: neha logged in
2025-05-17 20:54:00,022 INFO: admin logged in
2025-05-18 11:21:26,324 WARNING: Not Found: /favicon.ico
2025-05-18 11:21:57,488 INFO: admin logged in
2025-05-18 11:22:21,996 WARNING: Not Found: /accounts/admin/
2025-05-18 11:24:28,119 WARNING: Not Found: /accounts/models.py/
2025-05-18 11:25:26,834 INFO: admin logged in
2025-05-18 11:26:18,731 WARNING: Not Found: /accounts/dashboard/
2025-05-18 11:26:19,088 WARNING: Not Found: /favicon.ico
2025-05-18 11:26:37,252 WARNING: Not Found: /accounts/dashboard/
2025-05-18 11:27:05,907 WARNING: Not Found: /accounts/dashboard/
2025-05-18 11:28:00,773 WARNING: Not Found: /accounts/dashboard/
2025-05-18 11:28:56,992 WARNING: Not Found: /accounts/dashboard/
2025-05-18 11:37:17,555 INFO: admin logged in
2025-05-18 11:38:50,815 INFO: admin logged in
2025-05-18 11:40:27,830 INFO: admin logged in
2025-05-18 11:40:33,033 INFO: Purva logged in
2025-05-18 11:41:31,728 INFO: Purva enrolled in a course
2025-05-18 11:41:45,192 INFO: Purva enrolled in a course
2025-05-18 11:41:56,822 INFO: Purva logged in
2025-05-18 11:42:12,637 WARNING: Forbidden (CSRF token from POST incorrect.): /accounts/login/
2025-05-18 11:42:12,642 INFO: Purva logged in
2025-05-18 11:42:16,548 INFO: Purva logged in
2025-05-18 11:42:22,977 INFO: Purva logged in
2025-05-18 11:42:33,992 INFO: admin logged in
2025-05-18 11:43:13,801 INFO: admin enrolled in a course
2025-05-18 11:43:18,682 ERROR: Internal Server Error: /courses/enroll/
Traceback (most recent call last):
  File "E:\Campus Management System\campus_mgmt\env\Lib\site-packages\django\core\handlers\exception.py", line 55, in inner
    response = get_response(request)
  File "E:\Campus Management System\campus_mgmt\env\Lib\site-packages\django\core\handlers\base.py", line 197, in _get_response
    response = wrapped_callback(request, *callback_args, **callback_kwargs)
  File "E:\Campus Management System\campus_mgmt\env\Lib\site-packages\django\contrib\auth\decorators.py", line 59, in _view_wrapper
    return view_func(request, *args, **kwargs)
  File "E:\Campus Management System\campus_mgmt\accounts\decorators.py", line 9, in wrapper
    return view_func(request, *args, **kwargs)
  File "E:\Campus Management System\campus_mgmt\courses\views.py", line 54, in enroll_in_course
    f'Hi {request.user.username}, you have successfully enrolled in {enrollment.course.title}.',
                                                                     ^^^^^^^^^^^^^^^^^^^^^^^
AttributeError: 'Course' object has no attribute 'title'
2025-05-18 11:43:18,696 INFO: admin enrolled in a course
2025-05-18 11:47:40,371 INFO: E:\Campus Management System\campus_mgmt\courses\views.py changed, reloading.
2025-05-18 11:47:48,355 ERROR: Internal Server Error: /courses/enroll/
Traceback (most recent call last):
  File "E:\Campus Management System\campus_mgmt\env\Lib\site-packages\django\db\backends\utils.py", line 105, in _execute
    return self.cursor.execute(sql, params)
           ~~~~~~~~~~~~~~~~~~~^^^^^^^^^^^^^
  File "E:\Campus Management System\campus_mgmt\env\Lib\site-packages\django\db\backends\sqlite3\base.py", line 360, in execute
    return super().execute(query, params)
           ~~~~~~~~~~~~~~~^^^^^^^^^^^^^^^
sqlite3.IntegrityError: UNIQUE constraint failed: courses_enrollment.student_id, courses_enrollment.course_id

The above exception was the direct cause of the following exception:

Traceback (most recent call last):
  File "E:\Campus Management System\campus_mgmt\env\Lib\site-packages\django\core\handlers\exception.py", line 55, in inner
    response = get_response(request)
  File "E:\Campus Management System\campus_mgmt\env\Lib\site-packages\django\core\handlers\base.py", line 197, in _get_response
    response = wrapped_callback(request, *callback_args, **callback_kwargs)
  File "E:\Campus Management System\campus_mgmt\env\Lib\site-packages\django\contrib\auth\decorators.py", line 59, in _view_wrapper
    return view_func(request, *args, **kwargs)
  File "E:\Campus Management System\campus_mgmt\accounts\decorators.py", line 9, in wrapper
    return view_func(request, *args, **kwargs)
  File "E:\Campus Management System\campus_mgmt\courses\views.py", line 50, in enroll_in_course
    enrollment.save()
    ~~~~~~~~~~~~~~~^^
  File "E:\Campus Management System\campus_mgmt\env\Lib\site-packages\django\db\models\base.py", line 902, in save
    self.save_base(
    ~~~~~~~~~~~~~~^
        using=using,
        ^^^^^^^^^^^^
    ...<2 lines>...
        update_fields=update_fields,
        ^^^^^^^^^^^^^^^^^^^^^^^^^^^^
    )
    ^
  File "E:\Campus Management System\campus_mgmt\env\Lib\site-packages\django\db\models\base.py", line 1008, in save_base
    updated = self._save_table(
        raw,
    ...<4 lines>...
        update_fields,
    )
  File "E:\Campus Management System\campus_mgmt\env\Lib\site-packages\django\db\models\base.py", line 1169, in _save_table
    results = self._do_insert(
        cls._base_manager, using, fields, returning_fields, raw
    )
  File "E:\Campus Management System\campus_mgmt\env\Lib\site-packages\django\db\models\base.py", line 1210, in _do_insert
    return manager._insert(
           ~~~~~~~~~~~~~~~^
        [self],
        ^^^^^^^
    ...<3 lines>...
        raw=raw,
        ^^^^^^^^
    )
    ^
  File "E:\Campus Management System\campus_mgmt\env\Lib\site-packages\django\db\models\manager.py", line 87, in manager_method
    return getattr(self.get_queryset(), name)(*args, **kwargs)
           ~~~~~~~~~~~~~~~~~~~~~~~~~~~~~~~~~~^^^^^^^^^^^^^^^^^
  File "E:\Campus Management System\campus_mgmt\env\Lib\site-packages\django\db\models\query.py", line 1864, in _insert
    return query.get_compiler(using=using).execute_sql(returning_fields)
           ~~~~~~~~~~~~~~~~~~~~~~~~~~~~~~~~~~~~~~~~~~~^^^^^^^^^^^^^^^^^^
  File "E:\Campus Management System\campus_mgmt\env\Lib\site-packages\django\db\models\sql\compiler.py", line 1882, in execute_sql
    cursor.execute(sql, params)
    ~~~~~~~~~~~~~~^^^^^^^^^^^^^
  File "E:\Campus Management System\campus_mgmt\env\Lib\site-packages\django\db\backends\utils.py", line 122, in execute
    return super().execute(sql, params)
           ~~~~~~~~~~~~~~~^^^^^^^^^^^^^
  File "E:\Campus Management System\campus_mgmt\env\Lib\site-packages\django\db\backends\utils.py", line 79, in execute
    return self._execute_with_wrappers(
           ~~~~~~~~~~~~~~~~~~~~~~~~~~~^
        sql, params, many=False, executor=self._execute
        ^^^^^^^^^^^^^^^^^^^^^^^^^^^^^^^^^^^^^^^^^^^^^^^
    )
    ^
  File "E:\Campus Management System\campus_mgmt\env\Lib\site-packages\django\db\backends\utils.py", line 92, in _execute_with_wrappers
    return executor(sql, params, many, context)
  File "E:\Campus Management System\campus_mgmt\env\Lib\site-packages\django\db\backends\utils.py", line 100, in _execute
    with self.db.wrap_database_errors:
         ^^^^^^^^^^^^^^^^^^^^^^^^^^^^
  File "E:\Campus Management System\campus_mgmt\env\Lib\site-packages\django\db\utils.py", line 91, in __exit__
    raise dj_exc_value.with_traceback(traceback) from exc_value
  File "E:\Campus Management System\campus_mgmt\env\Lib\site-packages\django\db\backends\utils.py", line 105, in _execute
    return self.cursor.execute(sql, params)
           ~~~~~~~~~~~~~~~~~~~^^^^^^^^^^^^^
  File "E:\Campus Management System\campus_mgmt\env\Lib\site-packages\django\db\backends\sqlite3\base.py", line 360, in execute
    return super().execute(query, params)
           ~~~~~~~~~~~~~~~^^^^^^^^^^^^^^^
django.db.utils.IntegrityError: UNIQUE constraint failed: courses_enrollment.student_id, courses_enrollment.course_id
2025-05-18 11:47:48,387 INFO: admin enrolled in a course
2025-05-18 11:47:54,972 ERROR: Internal Server Error: /courses/enroll/
Traceback (most recent call last):
  File "E:\Campus Management System\campus_mgmt\env\Lib\site-packages\django\db\backends\utils.py", line 105, in _execute
    return self.cursor.execute(sql, params)
           ~~~~~~~~~~~~~~~~~~~^^^^^^^^^^^^^
  File "E:\Campus Management System\campus_mgmt\env\Lib\site-packages\django\db\backends\sqlite3\base.py", line 360, in execute
    return super().execute(query, params)
           ~~~~~~~~~~~~~~~^^^^^^^^^^^^^^^
sqlite3.IntegrityError: UNIQUE constraint failed: courses_enrollment.student_id, courses_enrollment.course_id

The above exception was the direct cause of the following exception:

Traceback (most recent call last):
  File "E:\Campus Management System\campus_mgmt\env\Lib\site-packages\django\core\handlers\exception.py", line 55, in inner
    response = get_response(request)
  File "E:\Campus Management System\campus_mgmt\env\Lib\site-packages\django\core\handlers\base.py", line 197, in _get_response
    response = wrapped_callback(request, *callback_args, **callback_kwargs)
  File "E:\Campus Management System\campus_mgmt\env\Lib\site-packages\django\contrib\auth\decorators.py", line 59, in _view_wrapper
    return view_func(request, *args, **kwargs)
  File "E:\Campus Management System\campus_mgmt\accounts\decorators.py", line 9, in wrapper
    return view_func(request, *args, **kwargs)
  File "E:\Campus Management System\campus_mgmt\courses\views.py", line 50, in enroll_in_course
    enrollment.save()
    ~~~~~~~~~~~~~~~^^
  File "E:\Campus Management System\campus_mgmt\env\Lib\site-packages\django\db\models\base.py", line 902, in save
    self.save_base(
    ~~~~~~~~~~~~~~^
        using=using,
        ^^^^^^^^^^^^
    ...<2 lines>...
        update_fields=update_fields,
        ^^^^^^^^^^^^^^^^^^^^^^^^^^^^
    )
    ^
  File "E:\Campus Management System\campus_mgmt\env\Lib\site-packages\django\db\models\base.py", line 1008, in save_base
    updated = self._save_table(
        raw,
    ...<4 lines>...
        update_fields,
    )
  File "E:\Campus Management System\campus_mgmt\env\Lib\site-packages\django\db\models\base.py", line 1169, in _save_table
    results = self._do_insert(
        cls._base_manager, using, fields, returning_fields, raw
    )
  File "E:\Campus Management System\campus_mgmt\env\Lib\site-packages\django\db\models\base.py", line 1210, in _do_insert
    return manager._insert(
           ~~~~~~~~~~~~~~~^
        [self],
        ^^^^^^^
    ...<3 lines>...
        raw=raw,
        ^^^^^^^^
    )
    ^
  File "E:\Campus Management System\campus_mgmt\env\Lib\site-packages\django\db\models\manager.py", line 87, in manager_method
    return getattr(self.get_queryset(), name)(*args, **kwargs)
           ~~~~~~~~~~~~~~~~~~~~~~~~~~~~~~~~~~^^^^^^^^^^^^^^^^^
  File "E:\Campus Management System\campus_mgmt\env\Lib\site-packages\django\db\models\query.py", line 1864, in _insert
    return query.get_compiler(using=using).execute_sql(returning_fields)
           ~~~~~~~~~~~~~~~~~~~~~~~~~~~~~~~~~~~~~~~~~~~^^^^^^^^^^^^^^^^^^
  File "E:\Campus Management System\campus_mgmt\env\Lib\site-packages\django\db\models\sql\compiler.py", line 1882, in execute_sql
    cursor.execute(sql, params)
    ~~~~~~~~~~~~~~^^^^^^^^^^^^^
  File "E:\Campus Management System\campus_mgmt\env\Lib\site-packages\django\db\backends\utils.py", line 122, in execute
    return super().execute(sql, params)
           ~~~~~~~~~~~~~~~^^^^^^^^^^^^^
  File "E:\Campus Management System\campus_mgmt\env\Lib\site-packages\django\db\backends\utils.py", line 79, in execute
    return self._execute_with_wrappers(
           ~~~~~~~~~~~~~~~~~~~~~~~~~~~^
        sql, params, many=False, executor=self._execute
        ^^^^^^^^^^^^^^^^^^^^^^^^^^^^^^^^^^^^^^^^^^^^^^^
    )
    ^
  File "E:\Campus Management System\campus_mgmt\env\Lib\site-packages\django\db\backends\utils.py", line 92, in _execute_with_wrappers
    return executor(sql, params, many, context)
  File "E:\Campus Management System\campus_mgmt\env\Lib\site-packages\django\db\backends\utils.py", line 100, in _execute
    with self.db.wrap_database_errors:
         ^^^^^^^^^^^^^^^^^^^^^^^^^^^^
  File "E:\Campus Management System\campus_mgmt\env\Lib\site-packages\django\db\utils.py", line 91, in __exit__
    raise dj_exc_value.with_traceback(traceback) from exc_value
  File "E:\Campus Management System\campus_mgmt\env\Lib\site-packages\django\db\backends\utils.py", line 105, in _execute
    return self.cursor.execute(sql, params)
           ~~~~~~~~~~~~~~~~~~~^^^^^^^^^^^^^
  File "E:\Campus Management System\campus_mgmt\env\Lib\site-packages\django\db\backends\sqlite3\base.py", line 360, in execute
    return super().execute(query, params)
           ~~~~~~~~~~~~~~~^^^^^^^^^^^^^^^
django.db.utils.IntegrityError: UNIQUE constraint failed: courses_enrollment.student_id, courses_enrollment.course_id
2025-05-18 11:47:55,066 INFO: admin enrolled in a course
2025-05-18 11:48:31,287 INFO: E:\Campus Management System\campus_mgmt\courses\views.py changed, reloading.
2025-05-18 11:53:46,365 INFO: E:\Campus Management System\campus_mgmt\courses\views.py changed, reloading.
2025-05-18 11:54:10,969 INFO: admin logged in
2025-05-18 11:54:16,547 INFO: admin logged in
2025-05-18 11:54:33,711 INFO: admin enrolled in a course
2025-05-18 11:54:36,793 ERROR: Internal Server Error: /courses/enroll/
Traceback (most recent call last):
  File "E:\Campus Management System\campus_mgmt\env\Lib\site-packages\django\db\backends\utils.py", line 105, in _execute
    return self.cursor.execute(sql, params)
           ~~~~~~~~~~~~~~~~~~~^^^^^^^^^^^^^
  File "E:\Campus Management System\campus_mgmt\env\Lib\site-packages\django\db\backends\sqlite3\base.py", line 360, in execute
    return super().execute(query, params)
           ~~~~~~~~~~~~~~~^^^^^^^^^^^^^^^
sqlite3.IntegrityError: UNIQUE constraint failed: courses_enrollment.student_id, courses_enrollment.course_id

The above exception was the direct cause of the following exception:

Traceback (most recent call last):
  File "E:\Campus Management System\campus_mgmt\env\Lib\site-packages\django\core\handlers\exception.py", line 55, in inner
    response = get_response(request)
  File "E:\Campus Management System\campus_mgmt\env\Lib\site-packages\django\core\handlers\base.py", line 197, in _get_response
    response = wrapped_callback(request, *callback_args, **callback_kwargs)
  File "E:\Campus Management System\campus_mgmt\env\Lib\site-packages\django\contrib\auth\decorators.py", line 59, in _view_wrapper
    return view_func(request, *args, **kwargs)
  File "E:\Campus Management System\campus_mgmt\accounts\decorators.py", line 9, in wrapper
    return view_func(request, *args, **kwargs)
  File "E:\Campus Management System\campus_mgmt\courses\views.py", line 50, in enroll_in_course
    enrollment.save()
    ~~~~~~~~~~~~~~~^^
  File "E:\Campus Management System\campus_mgmt\env\Lib\site-packages\django\db\models\base.py", line 902, in save
    self.save_base(
    ~~~~~~~~~~~~~~^
        using=using,
        ^^^^^^^^^^^^
    ...<2 lines>...
        update_fields=update_fields,
        ^^^^^^^^^^^^^^^^^^^^^^^^^^^^
    )
    ^
  File "E:\Campus Management System\campus_mgmt\env\Lib\site-packages\django\db\models\base.py", line 1008, in save_base
    updated = self._save_table(
        raw,
    ...<4 lines>...
        update_fields,
    )
  File "E:\Campus Management System\campus_mgmt\env\Lib\site-packages\django\db\models\base.py", line 1169, in _save_table
    results = self._do_insert(
        cls._base_manager, using, fields, returning_fields, raw
    )
  File "E:\Campus Management System\campus_mgmt\env\Lib\site-packages\django\db\models\base.py", line 1210, in _do_insert
    return manager._insert(
           ~~~~~~~~~~~~~~~^
        [self],
        ^^^^^^^
    ...<3 lines>...
        raw=raw,
        ^^^^^^^^
    )
    ^
  File "E:\Campus Management System\campus_mgmt\env\Lib\site-packages\django\db\models\manager.py", line 87, in manager_method
    return getattr(self.get_queryset(), name)(*args, **kwargs)
           ~~~~~~~~~~~~~~~~~~~~~~~~~~~~~~~~~~^^^^^^^^^^^^^^^^^
  File "E:\Campus Management System\campus_mgmt\env\Lib\site-packages\django\db\models\query.py", line 1864, in _insert
    return query.get_compiler(using=using).execute_sql(returning_fields)
           ~~~~~~~~~~~~~~~~~~~~~~~~~~~~~~~~~~~~~~~~~~~^^^^^^^^^^^^^^^^^^
  File "E:\Campus Management System\campus_mgmt\env\Lib\site-packages\django\db\models\sql\compiler.py", line 1882, in execute_sql
    cursor.execute(sql, params)
    ~~~~~~~~~~~~~~^^^^^^^^^^^^^
  File "E:\Campus Management System\campus_mgmt\env\Lib\site-packages\django\db\backends\utils.py", line 122, in execute
    return super().execute(sql, params)
           ~~~~~~~~~~~~~~~^^^^^^^^^^^^^
  File "E:\Campus Management System\campus_mgmt\env\Lib\site-packages\django\db\backends\utils.py", line 79, in execute
    return self._execute_with_wrappers(
           ~~~~~~~~~~~~~~~~~~~~~~~~~~~^
        sql, params, many=False, executor=self._execute
        ^^^^^^^^^^^^^^^^^^^^^^^^^^^^^^^^^^^^^^^^^^^^^^^
    )
    ^
  File "E:\Campus Management System\campus_mgmt\env\Lib\site-packages\django\db\backends\utils.py", line 92, in _execute_with_wrappers
    return executor(sql, params, many, context)
  File "E:\Campus Management System\campus_mgmt\env\Lib\site-packages\django\db\backends\utils.py", line 100, in _execute
    with self.db.wrap_database_errors:
         ^^^^^^^^^^^^^^^^^^^^^^^^^^^^
  File "E:\Campus Management System\campus_mgmt\env\Lib\site-packages\django\db\utils.py", line 91, in __exit__
    raise dj_exc_value.with_traceback(traceback) from exc_value
  File "E:\Campus Management System\campus_mgmt\env\Lib\site-packages\django\db\backends\utils.py", line 105, in _execute
    return self.cursor.execute(sql, params)
           ~~~~~~~~~~~~~~~~~~~^^^^^^^^^^^^^
  File "E:\Campus Management System\campus_mgmt\env\Lib\site-packages\django\db\backends\sqlite3\base.py", line 360, in execute
    return super().execute(query, params)
           ~~~~~~~~~~~~~~~^^^^^^^^^^^^^^^
django.db.utils.IntegrityError: UNIQUE constraint failed: courses_enrollment.student_id, courses_enrollment.course_id
2025-05-18 11:54:36,830 INFO: admin enrolled in a course
2025-05-18 11:56:21,758 INFO: admin logged in
2025-05-18 11:58:36,635 INFO: E:\Campus Management System\campus_mgmt\courses\views.py changed, reloading.
2025-05-18 11:58:42,568 INFO: admin logged in
2025-05-18 11:58:46,012 INFO: admin logged in
2025-05-18 11:58:55,411 INFO: admin enrolled in a course
2025-05-18 11:59:03,874 INFO: admin enrolled in a course
2025-05-18 11:59:23,012 WARNING: Forbidden (CSRF token from POST incorrect.): /accounts/login/
2025-05-18 11:59:23,016 INFO: admin logged in
2025-05-18 11:59:29,815 INFO: admin logged in
2025-05-18 11:59:37,571 INFO: admin logged in
2025-05-18 12:00:10,187 INFO: admin enrolled in a course
2025-05-18 12:00:17,751 INFO: admin enrolled in a course
2025-05-18 12:00:21,250 INFO: admin enrolled in a course
2025-05-18 12:04:26,824 INFO: admin logged in
2025-05-18 12:04:44,766 WARNING: Not Found: /accounts/models.py/
2025-05-18 12:13:55,731 INFO: admin enrolled in a course
2025-05-18 12:14:00,630 INFO: admin enrolled in a course
2025-05-18 12:14:15,462 INFO: admin enrolled in a course
2025-05-18 12:15:22,339 INFO: student1 logged in
2025-05-18 12:15:46,855 INFO: student1 enrolled in a course
2025-05-18 12:15:53,974 INFO: student1 enrolled in a course
2025-05-18 12:15:59,314 INFO: student1 enrolled in a course
2025-05-18 12:16:02,878 INFO: student1 enrolled in a course
2025-05-18 12:16:12,755 INFO: student1 enrolled in a course
2025-05-18 12:16:27,939 INFO: student1 enrolled in a course
2025-05-18 12:16:27,975 INFO: student1 logged in
2025-05-18 12:16:36,607 INFO: student1 logged in
2025-05-18 12:16:40,584 INFO: student1 logged in
2025-05-18 12:16:51,421 INFO: admin logged in
2025-05-18 12:16:51,469 INFO: admin enrolled in a course
2025-05-18 12:16:54,569 INFO: admin enrolled in a course
2025-05-18 12:54:32,570 INFO: admin enrolled in a course
2025-05-18 12:54:36,406 INFO: admin enrolled in a course
2025-05-18 12:54:40,372 INFO: admin logged in
2025-05-18 12:54:58,535 INFO: student1 logged in
2025-05-18 12:55:07,802 INFO: student1 submitted an assignment
2025-05-18 12:55:44,260 INFO: teacher1 logged in
2025-05-18 12:57:06,237 INFO: admin logged in
2025-05-18 12:57:39,031 WARNING: Not Found: /accounts/admin/
2025-05-18 12:57:58,344 INFO: admin logged in
2025-05-18 12:59:44,762 INFO: admin enrolled in a course
2025-05-18 12:59:57,820 INFO: admin logged in
2025-05-18 13:00:21,526 INFO: admin logged in
2025-05-18 13:09:13,267 INFO: admin logged in
2025-05-18 13:10:02,824 INFO: admin logged in
2025-05-18 13:10:36,977 INFO: Principle logged in
2025-05-18 13:13:51,055 ERROR: Internal Server Error: /accounts/admin_dashboard/
Traceback (most recent call last):
  File "E:\Campus Management System\campus_mgmt\env\Lib\site-packages\django\template\smartif.py", line 180, in translate_token
    op = OPERATORS[token]
         ~~~~~~~~~^^^^^^^
KeyError: '&&'

During handling of the above exception, another exception occurred:

Traceback (most recent call last):
  File "E:\Campus Management System\campus_mgmt\env\Lib\site-packages\django\core\handlers\exception.py", line 55, in inner
    response = get_response(request)
  File "E:\Campus Management System\campus_mgmt\env\Lib\site-packages\django\core\handlers\base.py", line 197, in _get_response
    response = wrapped_callback(request, *callback_args, **callback_kwargs)
  File "E:\Campus Management System\campus_mgmt\env\Lib\site-packages\django\contrib\auth\decorators.py", line 59, in _view_wrapper
    return view_func(request, *args, **kwargs)
  File "E:\Campus Management System\campus_mgmt\accounts\views.py", line 47, in dashboard_view
    return render(request, 'accounts/admin_dashboard.html')
  File "E:\Campus Management System\campus_mgmt\env\Lib\site-packages\django\shortcuts.py", line 25, in render
    content = loader.render_to_string(template_name, context, request, using=using)
  File "E:\Campus Management System\campus_mgmt\env\Lib\site-packages\django\template\loader.py", line 62, in render_to_string
    return template.render(context, request)
           ~~~~~~~~~~~~~~~^^^^^^^^^^^^^^^^^^
  File "E:\Campus Management System\campus_mgmt\env\Lib\site-packages\django\template\backends\django.py", line 107, in render
    return self.template.render(context)
           ~~~~~~~~~~~~~~~~~~~~^^^^^^^^^
  File "E:\Campus Management System\campus_mgmt\env\Lib\site-packages\django\template\base.py", line 171, in render
    return self._render(context)
           ~~~~~~~~~~~~^^^^^^^^^
  File "E:\Campus Management System\campus_mgmt\env\Lib\site-packages\django\template\base.py", line 163, in _render
    return self.nodelist.render(context)
           ~~~~~~~~~~~~~~~~~~~~^^^^^^^^^
  File "E:\Campus Management System\campus_mgmt\env\Lib\site-packages\django\template\base.py", line 1016, in render
    return SafeString("".join([node.render_annotated(context) for node in self]))
                               ~~~~~~~~~~~~~~~~~~~~~^^^^^^^^^
  File "E:\Campus Management System\campus_mgmt\env\Lib\site-packages\django\template\base.py", line 977, in render_annotated
    return self.render(context)
           ~~~~~~~~~~~^^^^^^^^^
  File "E:\Campus Management System\campus_mgmt\env\Lib\site-packages\django\template\loader_tags.py", line 134, in render
    compiled_parent = self.get_parent(context)
  File "E:\Campus Management System\campus_mgmt\env\Lib\site-packages\django\template\loader_tags.py", line 131, in get_parent
    return self.find_template(parent, context)
           ~~~~~~~~~~~~~~~~~~^^^^^^^^^^^^^^^^^
  File "E:\Campus Management System\campus_mgmt\env\Lib\site-packages\django\template\loader_tags.py", line 109, in find_template
    template, origin = context.template.engine.find_template(
                       ~~~~~~~~~~~~~~~~~~~~~~~~~~~~~~~~~~~~~^
        template_name,
        ^^^^^^^^^^^^^^
        skip=history,
        ^^^^^^^^^^^^^
    )
    ^
  File "E:\Campus Management System\campus_mgmt\env\Lib\site-packages\django\template\engine.py", line 159, in find_template
    template = loader.get_template(name, skip=skip)
  File "E:\Campus Management System\campus_mgmt\env\Lib\site-packages\django\template\loaders\cached.py", line 57, in get_template
    template = super().get_template(template_name, skip)
  File "E:\Campus Management System\campus_mgmt\env\Lib\site-packages\django\template\loaders\base.py", line 28, in get_template
    return Template(
        contents,
    ...<2 lines>...
        self.engine,
    )
  File "E:\Campus Management System\campus_mgmt\env\Lib\site-packages\django\template\base.py", line 154, in __init__
    self.nodelist = self.compile_nodelist()
                    ~~~~~~~~~~~~~~~~~~~~~^^
  File "E:\Campus Management System\campus_mgmt\env\Lib\site-packages\django\template\base.py", line 196, in compile_nodelist
    nodelist = parser.parse()
  File "E:\Campus Management System\campus_mgmt\env\Lib\site-packages\django\template\base.py", line 518, in parse
    raise self.error(token, e)
  File "E:\Campus Management System\campus_mgmt\env\Lib\site-packages\django\template\base.py", line 516, in parse
    compiled_result = compile_func(self, token)
  File "E:\Campus Management System\campus_mgmt\env\Lib\site-packages\django\template\defaulttags.py", line 962, in do_if
    nodelist = parser.parse(("elif", "else", "endif"))
  File "E:\Campus Management System\campus_mgmt\env\Lib\site-packages\django\template\base.py", line 518, in parse
    raise self.error(token, e)
  File "E:\Campus Management System\campus_mgmt\env\Lib\site-packages\django\template\base.py", line 516, in parse
    compiled_result = compile_func(self, token)
  File "E:\Campus Management System\campus_mgmt\env\Lib\site-packages\django\template\defaulttags.py", line 961, in do_if
    condition = TemplateIfParser(parser, bits).parse()
                ~~~~~~~~~~~~~~~~^^^^^^^^^^^^^^
  File "E:\Campus Management System\campus_mgmt\env\Lib\site-packages\django\template\defaulttags.py", line 894, in __init__
    super().__init__(*args, **kwargs)
    ~~~~~~~~~~~~~~~~^^^^^^^^^^^^^^^^^
  File "E:\Campus Management System\campus_mgmt\env\Lib\site-packages\django\template\smartif.py", line 171, in __init__
    mapped_tokens.append(self.translate_token(token))
                         ~~~~~~~~~~~~~~~~~~~~^^^^^^^
  File "E:\Campus Management System\campus_mgmt\env\Lib\site-packages\django\template\smartif.py", line 182, in translate_token
    return self.create_var(token)
           ~~~~~~~~~~~~~~~^^^^^^^
  File "E:\Campus Management System\campus_mgmt\env\Lib\site-packages\django\template\defaulttags.py", line 897, in create_var
    return TemplateLiteral(self.template_parser.compile_filter(value), value)
                           ~~~~~~~~~~~~~~~~~~~~~~~~~~~~~~~~~~~^^^^^^^
  File "E:\Campus Management System\campus_mgmt\env\Lib\site-packages\django\template\base.py", line 609, in compile_filter
    return FilterExpression(token, self)
  File "E:\Campus Management System\campus_mgmt\env\Lib\site-packages\django\template\base.py", line 710, in __init__
    raise TemplateSyntaxError(
    ...<2 lines>...
    )
django.template.exceptions.TemplateSyntaxError: Could not parse the remainder: '&&' from '&&'
2025-05-18 13:17:03,090 INFO: Principle logged in
2025-05-18 13:17:13,561 INFO: Principle logged in
2025-05-18 13:17:24,421 INFO: admin logged in
2025-05-18 13:17:46,778 INFO: admin logged in
2025-05-18 13:17:53,651 INFO: Principle logged in
2025-05-18 13:18:09,329 INFO: Principle logged in
2025-05-18 13:18:18,956 INFO: admin logged in
2025-05-18 13:18:24,325 INFO: admin logged in
2025-05-18 13:18:30,295 INFO: Principle logged in
2025-05-18 13:19:06,917 INFO: Principle logged in
2025-05-18 13:29:45,691 ERROR: Internal Server Error: /accounts/admin_dashboard/
Traceback (most recent call last):
  File "E:\Campus Management System\campus_mgmt\env\Lib\site-packages\django\core\handlers\exception.py", line 55, in inner
    response = get_response(request)
  File "E:\Campus Management System\campus_mgmt\env\Lib\site-packages\django\core\handlers\base.py", line 197, in _get_response
    response = wrapped_callback(request, *callback_args, **callback_kwargs)
  File "E:\Campus Management System\campus_mgmt\env\Lib\site-packages\django\contrib\auth\decorators.py", line 59, in _view_wrapper
    return view_func(request, *args, **kwargs)
  File "E:\Campus Management System\campus_mgmt\accounts\views.py", line 47, in dashboard_view
    return render(request, 'accounts/admin_dashboard.html')
  File "E:\Campus Management System\campus_mgmt\env\Lib\site-packages\django\shortcuts.py", line 25, in render
    content = loader.render_to_string(template_name, context, request, using=using)
  File "E:\Campus Management System\campus_mgmt\env\Lib\site-packages\django\template\loader.py", line 62, in render_to_string
    return template.render(context, request)
           ~~~~~~~~~~~~~~~^^^^^^^^^^^^^^^^^^
  File "E:\Campus Management System\campus_mgmt\env\Lib\site-packages\django\template\backends\django.py", line 107, in render
    return self.template.render(context)
           ~~~~~~~~~~~~~~~~~~~~^^^^^^^^^
  File "E:\Campus Management System\campus_mgmt\env\Lib\site-packages\django\template\base.py", line 171, in render
    return self._render(context)
           ~~~~~~~~~~~~^^^^^^^^^
  File "E:\Campus Management System\campus_mgmt\env\Lib\site-packages\django\template\base.py", line 163, in _render
    return self.nodelist.render(context)
           ~~~~~~~~~~~~~~~~~~~~^^^^^^^^^
  File "E:\Campus Management System\campus_mgmt\env\Lib\site-packages\django\template\base.py", line 1016, in render
    return SafeString("".join([node.render_annotated(context) for node in self]))
                               ~~~~~~~~~~~~~~~~~~~~~^^^^^^^^^
  File "E:\Campus Management System\campus_mgmt\env\Lib\site-packages\django\template\base.py", line 977, in render_annotated
    return self.render(context)
           ~~~~~~~~~~~^^^^^^^^^
  File "E:\Campus Management System\campus_mgmt\env\Lib\site-packages\django\template\loader_tags.py", line 134, in render
    compiled_parent = self.get_parent(context)
  File "E:\Campus Management System\campus_mgmt\env\Lib\site-packages\django\template\loader_tags.py", line 131, in get_parent
    return self.find_template(parent, context)
           ~~~~~~~~~~~~~~~~~~^^^^^^^^^^^^^^^^^
  File "E:\Campus Management System\campus_mgmt\env\Lib\site-packages\django\template\loader_tags.py", line 109, in find_template
    template, origin = context.template.engine.find_template(
                       ~~~~~~~~~~~~~~~~~~~~~~~~~~~~~~~~~~~~~^
        template_name,
        ^^^^^^^^^^^^^^
        skip=history,
        ^^^^^^^^^^^^^
    )
    ^
  File "E:\Campus Management System\campus_mgmt\env\Lib\site-packages\django\template\engine.py", line 159, in find_template
    template = loader.get_template(name, skip=skip)
  File "E:\Campus Management System\campus_mgmt\env\Lib\site-packages\django\template\loaders\cached.py", line 57, in get_template
    template = super().get_template(template_name, skip)
  File "E:\Campus Management System\campus_mgmt\env\Lib\site-packages\django\template\loaders\base.py", line 28, in get_template
    return Template(
        contents,
    ...<2 lines>...
        self.engine,
    )
  File "E:\Campus Management System\campus_mgmt\env\Lib\site-packages\django\template\base.py", line 154, in __init__
    self.nodelist = self.compile_nodelist()
                    ~~~~~~~~~~~~~~~~~~~~~^^
  File "E:\Campus Management System\campus_mgmt\env\Lib\site-packages\django\template\base.py", line 196, in compile_nodelist
    nodelist = parser.parse()
  File "E:\Campus Management System\campus_mgmt\env\Lib\site-packages\django\template\base.py", line 518, in parse
    raise self.error(token, e)
  File "E:\Campus Management System\campus_mgmt\env\Lib\site-packages\django\template\base.py", line 516, in parse
    compiled_result = compile_func(self, token)
  File "E:\Campus Management System\campus_mgmt\env\Lib\site-packages\django\template\defaulttags.py", line 962, in do_if
    nodelist = parser.parse(("elif", "else", "endif"))
  File "E:\Campus Management System\campus_mgmt\env\Lib\site-packages\django\template\base.py", line 523, in parse
    self.unclosed_block_tag(parse_until)
    ~~~~~~~~~~~~~~~~~~~~~~~^^^^^^^^^^^^^
  File "E:\Campus Management System\campus_mgmt\env\Lib\site-packages\django\template\base.py", line 590, in unclosed_block_tag
    raise self.error(token, msg)
django.template.exceptions.TemplateSyntaxError: Unclosed tag on line 44: 'if'. Looking for one of: elif, else, endif.
2025-05-18 13:30:57,687 ERROR: Internal Server Error: /accounts/admin_dashboard/
Traceback (most recent call last):
  File "E:\Campus Management System\campus_mgmt\env\Lib\site-packages\django\core\handlers\exception.py", line 55, in inner
    response = get_response(request)
  File "E:\Campus Management System\campus_mgmt\env\Lib\site-packages\django\core\handlers\base.py", line 197, in _get_response
    response = wrapped_callback(request, *callback_args, **callback_kwargs)
  File "E:\Campus Management System\campus_mgmt\env\Lib\site-packages\django\contrib\auth\decorators.py", line 59, in _view_wrapper
    return view_func(request, *args, **kwargs)
  File "E:\Campus Management System\campus_mgmt\accounts\views.py", line 47, in dashboard_view
    return render(request, 'accounts/admin_dashboard.html')
  File "E:\Campus Management System\campus_mgmt\env\Lib\site-packages\django\shortcuts.py", line 25, in render
    content = loader.render_to_string(template_name, context, request, using=using)
  File "E:\Campus Management System\campus_mgmt\env\Lib\site-packages\django\template\loader.py", line 62, in render_to_string
    return template.render(context, request)
           ~~~~~~~~~~~~~~~^^^^^^^^^^^^^^^^^^
  File "E:\Campus Management System\campus_mgmt\env\Lib\site-packages\django\template\backends\django.py", line 107, in render
    return self.template.render(context)
           ~~~~~~~~~~~~~~~~~~~~^^^^^^^^^
  File "E:\Campus Management System\campus_mgmt\env\Lib\site-packages\django\template\base.py", line 171, in render
    return self._render(context)
           ~~~~~~~~~~~~^^^^^^^^^
  File "E:\Campus Management System\campus_mgmt\env\Lib\site-packages\django\template\base.py", line 163, in _render
    return self.nodelist.render(context)
           ~~~~~~~~~~~~~~~~~~~~^^^^^^^^^
  File "E:\Campus Management System\campus_mgmt\env\Lib\site-packages\django\template\base.py", line 1016, in render
    return SafeString("".join([node.render_annotated(context) for node in self]))
                               ~~~~~~~~~~~~~~~~~~~~~^^^^^^^^^
  File "E:\Campus Management System\campus_mgmt\env\Lib\site-packages\django\template\base.py", line 977, in render_annotated
    return self.render(context)
           ~~~~~~~~~~~^^^^^^^^^
  File "E:\Campus Management System\campus_mgmt\env\Lib\site-packages\django\template\loader_tags.py", line 134, in render
    compiled_parent = self.get_parent(context)
  File "E:\Campus Management System\campus_mgmt\env\Lib\site-packages\django\template\loader_tags.py", line 131, in get_parent
    return self.find_template(parent, context)
           ~~~~~~~~~~~~~~~~~~^^^^^^^^^^^^^^^^^
  File "E:\Campus Management System\campus_mgmt\env\Lib\site-packages\django\template\loader_tags.py", line 109, in find_template
    template, origin = context.template.engine.find_template(
                       ~~~~~~~~~~~~~~~~~~~~~~~~~~~~~~~~~~~~~^
        template_name,
        ^^^^^^^^^^^^^^
        skip=history,
        ^^^^^^^^^^^^^
    )
    ^
  File "E:\Campus Management System\campus_mgmt\env\Lib\site-packages\django\template\engine.py", line 159, in find_template
    template = loader.get_template(name, skip=skip)
  File "E:\Campus Management System\campus_mgmt\env\Lib\site-packages\django\template\loaders\cached.py", line 57, in get_template
    template = super().get_template(template_name, skip)
  File "E:\Campus Management System\campus_mgmt\env\Lib\site-packages\django\template\loaders\base.py", line 28, in get_template
    return Template(
        contents,
    ...<2 lines>...
        self.engine,
    )
  File "E:\Campus Management System\campus_mgmt\env\Lib\site-packages\django\template\base.py", line 154, in __init__
    self.nodelist = self.compile_nodelist()
                    ~~~~~~~~~~~~~~~~~~~~~^^
  File "E:\Campus Management System\campus_mgmt\env\Lib\site-packages\django\template\base.py", line 196, in compile_nodelist
    nodelist = parser.parse()
  File "E:\Campus Management System\campus_mgmt\env\Lib\site-packages\django\template\base.py", line 518, in parse
    raise self.error(token, e)
  File "E:\Campus Management System\campus_mgmt\env\Lib\site-packages\django\template\base.py", line 516, in parse
    compiled_result = compile_func(self, token)
  File "E:\Campus Management System\campus_mgmt\env\Lib\site-packages\django\template\defaulttags.py", line 962, in do_if
    nodelist = parser.parse(("elif", "else", "endif"))
  File "E:\Campus Management System\campus_mgmt\env\Lib\site-packages\django\template\base.py", line 523, in parse
    self.unclosed_block_tag(parse_until)
    ~~~~~~~~~~~~~~~~~~~~~~~^^^^^^^^^^^^^
  File "E:\Campus Management System\campus_mgmt\env\Lib\site-packages\django\template\base.py", line 590, in unclosed_block_tag
    raise self.error(token, msg)
django.template.exceptions.TemplateSyntaxError: Unclosed tag on line 44: 'if'. Looking for one of: elif, else, endif.
2025-05-18 13:31:03,075 ERROR: Internal Server Error: /accounts/admin_dashboard/
Traceback (most recent call last):
  File "E:\Campus Management System\campus_mgmt\env\Lib\site-packages\django\core\handlers\exception.py", line 55, in inner
    response = get_response(request)
  File "E:\Campus Management System\campus_mgmt\env\Lib\site-packages\django\core\handlers\base.py", line 197, in _get_response
    response = wrapped_callback(request, *callback_args, **callback_kwargs)
  File "E:\Campus Management System\campus_mgmt\env\Lib\site-packages\django\contrib\auth\decorators.py", line 59, in _view_wrapper
    return view_func(request, *args, **kwargs)
  File "E:\Campus Management System\campus_mgmt\accounts\views.py", line 47, in dashboard_view
    return render(request, 'accounts/admin_dashboard.html')
  File "E:\Campus Management System\campus_mgmt\env\Lib\site-packages\django\shortcuts.py", line 25, in render
    content = loader.render_to_string(template_name, context, request, using=using)
  File "E:\Campus Management System\campus_mgmt\env\Lib\site-packages\django\template\loader.py", line 62, in render_to_string
    return template.render(context, request)
           ~~~~~~~~~~~~~~~^^^^^^^^^^^^^^^^^^
  File "E:\Campus Management System\campus_mgmt\env\Lib\site-packages\django\template\backends\django.py", line 107, in render
    return self.template.render(context)
           ~~~~~~~~~~~~~~~~~~~~^^^^^^^^^
  File "E:\Campus Management System\campus_mgmt\env\Lib\site-packages\django\template\base.py", line 171, in render
    return self._render(context)
           ~~~~~~~~~~~~^^^^^^^^^
  File "E:\Campus Management System\campus_mgmt\env\Lib\site-packages\django\template\base.py", line 163, in _render
    return self.nodelist.render(context)
           ~~~~~~~~~~~~~~~~~~~~^^^^^^^^^
  File "E:\Campus Management System\campus_mgmt\env\Lib\site-packages\django\template\base.py", line 1016, in render
    return SafeString("".join([node.render_annotated(context) for node in self]))
                               ~~~~~~~~~~~~~~~~~~~~~^^^^^^^^^
  File "E:\Campus Management System\campus_mgmt\env\Lib\site-packages\django\template\base.py", line 977, in render_annotated
    return self.render(context)
           ~~~~~~~~~~~^^^^^^^^^
  File "E:\Campus Management System\campus_mgmt\env\Lib\site-packages\django\template\loader_tags.py", line 134, in render
    compiled_parent = self.get_parent(context)
  File "E:\Campus Management System\campus_mgmt\env\Lib\site-packages\django\template\loader_tags.py", line 131, in get_parent
    return self.find_template(parent, context)
           ~~~~~~~~~~~~~~~~~~^^^^^^^^^^^^^^^^^
  File "E:\Campus Management System\campus_mgmt\env\Lib\site-packages\django\template\loader_tags.py", line 109, in find_template
    template, origin = context.template.engine.find_template(
                       ~~~~~~~~~~~~~~~~~~~~~~~~~~~~~~~~~~~~~^
        template_name,
        ^^^^^^^^^^^^^^
        skip=history,
        ^^^^^^^^^^^^^
    )
    ^
  File "E:\Campus Management System\campus_mgmt\env\Lib\site-packages\django\template\engine.py", line 159, in find_template
    template = loader.get_template(name, skip=skip)
  File "E:\Campus Management System\campus_mgmt\env\Lib\site-packages\django\template\loaders\cached.py", line 57, in get_template
    template = super().get_template(template_name, skip)
  File "E:\Campus Management System\campus_mgmt\env\Lib\site-packages\django\template\loaders\base.py", line 28, in get_template
    return Template(
        contents,
    ...<2 lines>...
        self.engine,
    )
  File "E:\Campus Management System\campus_mgmt\env\Lib\site-packages\django\template\base.py", line 154, in __init__
    self.nodelist = self.compile_nodelist()
                    ~~~~~~~~~~~~~~~~~~~~~^^
  File "E:\Campus Management System\campus_mgmt\env\Lib\site-packages\django\template\base.py", line 196, in compile_nodelist
    nodelist = parser.parse()
  File "E:\Campus Management System\campus_mgmt\env\Lib\site-packages\django\template\base.py", line 518, in parse
    raise self.error(token, e)
  File "E:\Campus Management System\campus_mgmt\env\Lib\site-packages\django\template\base.py", line 516, in parse
    compiled_result = compile_func(self, token)
  File "E:\Campus Management System\campus_mgmt\env\Lib\site-packages\django\template\defaulttags.py", line 962, in do_if
    nodelist = parser.parse(("elif", "else", "endif"))
  File "E:\Campus Management System\campus_mgmt\env\Lib\site-packages\django\template\base.py", line 523, in parse
    self.unclosed_block_tag(parse_until)
    ~~~~~~~~~~~~~~~~~~~~~~~^^^^^^^^^^^^^
  File "E:\Campus Management System\campus_mgmt\env\Lib\site-packages\django\template\base.py", line 590, in unclosed_block_tag
    raise self.error(token, msg)
django.template.exceptions.TemplateSyntaxError: Unclosed tag on line 44: 'if'. Looking for one of: elif, else, endif.
2025-05-18 13:32:58,784 WARNING: Not Found: /.well-known/appspecific/com.chrome.devtools.json
2025-05-18 13:36:01,871 WARNING: Not Found: /.well-known/appspecific/com.chrome.devtools.json
2025-05-18 13:36:30,035 INFO: Principle logged in
2025-05-18 13:36:33,405 INFO: Principle logged in
2025-05-18 13:37:37,140 INFO: Principle submitted an assignment
2025-05-18 13:37:57,619 INFO: Principle submitted an assignment
2025-05-18 13:38:56,209 INFO: Principle submitted an assignment
2025-05-18 13:39:53,724 INFO: Principle logged in
2025-05-18 13:40:00,380 INFO: admin logged in
2025-05-18 13:40:08,630 INFO: admin enrolled in a course
2025-05-18 14:09:43,993 INFO: admin enrolled in a course
2025-05-18 14:11:57,025 INFO: student1 logged in
2025-05-18 14:14:09,912 INFO: student1 enrolled in a course
2025-05-18 14:14:13,344 INFO: student1 enrolled in a course
2025-05-18 14:42:07,672 INFO: student1 logged in
2025-05-18 14:42:12,832 INFO: student1 logged in
2025-05-18 14:54:04,845 WARNING: Not Found: /accounts/signals.py/
2025-05-18 14:54:08,438 WARNING: Not Found: /accounts/signals.py
2025-05-18 14:56:43,684 INFO: student1 enrolled in a course
2025-05-18 14:56:44,078 INFO: student1 logged in
2025-05-18 14:56:50,842 INFO: admin logged in
2025-05-18 14:56:51,078 INFO: admin enrolled in a course
2025-05-18 14:58:37,973 INFO: admin logged in
2025-05-18 14:58:49,142 INFO: student2 logged in
2025-05-18 14:59:01,164 INFO: student2 logged in
2025-05-18 14:59:04,992 INFO: student2 logged in
2025-05-18 14:59:13,797 INFO: admin logged in
2025-05-18 14:59:29,939 INFO: student2 logged in
2025-05-18 14:59:37,589 INFO: student2 logged in
2025-05-18 14:59:45,256 INFO: student2 logged in
2025-05-18 14:59:59,096 INFO: student2 submitted an assignment
2025-05-18 15:01:02,459 WARNING: Not Found: /.well-known/appspecific/com.chrome.devtools.json
2025-05-18 15:13:14,517 INFO: student2 submitted an assignment
2025-05-18 15:14:31,417 INFO: student2 submitted an assignment
2025-05-18 15:14:54,777 INFO: student2 submitted an assignment
2025-05-18 15:17:39,384 INFO: teacher1 logged in
2025-05-18 15:18:34,000 INFO: teacher1 logged in
2025-05-18 15:18:42,001 INFO: admin logged in
2025-05-18 15:19:27,769 INFO: student2 logged in
2025-05-18 15:19:33,599 INFO: student2 logged in
2025-05-18 15:21:49,815 INFO: E:\Campus Management System\campus_mgmt\courses\views.py changed, reloading.
2025-05-18 15:22:41,735 INFO: E:\Campus Management System\campus_mgmt\courses\urls.py changed, reloading.
2025-05-18 15:29:19,642 INFO: E:\Campus Management System\campus_mgmt\submissions\urls.py changed, reloading.
2025-05-18 15:30:03,692 INFO: E:\Campus Management System\campus_mgmt\submissions\urls.py changed, reloading.
2025-05-18 15:30:22,838 INFO: student2 logged in
2025-05-18 15:30:29,025 INFO: student2 submitted an assignment
2025-05-18 15:30:46,308 INFO: teacher1 logged in
2025-05-18 15:32:14,712 INFO: teacher1 enrolled in a course
2025-05-18 15:32:36,159 INFO: student2 logged in
2025-05-18 15:32:57,131 INFO: student2 enrolled in a course
2025-05-18 15:36:38,132 INFO: E:\Campus Management System\campus_mgmt\courses\urls.py changed, reloading.
2025-05-18 15:37:39,472 ERROR: Internal Server Error: /courses/enrollments/
Traceback (most recent call last):
  File "E:\Campus Management System\campus_mgmt\env\Lib\site-packages\django\core\handlers\exception.py", line 55, in inner
    response = get_response(request)
  File "E:\Campus Management System\campus_mgmt\env\Lib\site-packages\django\core\handlers\base.py", line 197, in _get_response
    response = wrapped_callback(request, *callback_args, **callback_kwargs)
  File "E:\Campus Management System\campus_mgmt\env\Lib\site-packages\django\contrib\auth\decorators.py", line 59, in _view_wrapper
    return view_func(request, *args, **kwargs)
  File "E:\Campus Management System\campus_mgmt\courses\views.py", line 105, in enrollment_dashboard
    return render(request, 'courses/enrollment_dashboard.html', {'enrollments': enrollments})
  File "E:\Campus Management System\campus_mgmt\env\Lib\site-packages\django\shortcuts.py", line 25, in render
    content = loader.render_to_string(template_name, context, request, using=using)
  File "E:\Campus Management System\campus_mgmt\env\Lib\site-packages\django\template\loader.py", line 62, in render_to_string
    return template.render(context, request)
           ~~~~~~~~~~~~~~~^^^^^^^^^^^^^^^^^^
  File "E:\Campus Management System\campus_mgmt\env\Lib\site-packages\django\template\backends\django.py", line 107, in render
    return self.template.render(context)
           ~~~~~~~~~~~~~~~~~~~~^^^^^^^^^
  File "E:\Campus Management System\campus_mgmt\env\Lib\site-packages\django\template\base.py", line 171, in render
    return self._render(context)
           ~~~~~~~~~~~~^^^^^^^^^
  File "E:\Campus Management System\campus_mgmt\env\Lib\site-packages\django\template\base.py", line 163, in _render
    return self.nodelist.render(context)
           ~~~~~~~~~~~~~~~~~~~~^^^^^^^^^
  File "E:\Campus Management System\campus_mgmt\env\Lib\site-packages\django\template\base.py", line 1016, in render
    return SafeString("".join([node.render_annotated(context) for node in self]))
                               ~~~~~~~~~~~~~~~~~~~~~^^^^^^^^^
  File "E:\Campus Management System\campus_mgmt\env\Lib\site-packages\django\template\base.py", line 977, in render_annotated
    return self.render(context)
           ~~~~~~~~~~~^^^^^^^^^
  File "E:\Campus Management System\campus_mgmt\env\Lib\site-packages\django\template\loader_tags.py", line 159, in render
    return compiled_parent._render(context)
           ~~~~~~~~~~~~~~~~~~~~~~~^^^^^^^^^
  File "E:\Campus Management System\campus_mgmt\env\Lib\site-packages\django\template\base.py", line 163, in _render
    return self.nodelist.render(context)
           ~~~~~~~~~~~~~~~~~~~~^^^^^^^^^
  File "E:\Campus Management System\campus_mgmt\env\Lib\site-packages\django\template\base.py", line 1016, in render
    return SafeString("".join([node.render_annotated(context) for node in self]))
                               ~~~~~~~~~~~~~~~~~~~~~^^^^^^^^^
  File "E:\Campus Management System\campus_mgmt\env\Lib\site-packages\django\template\base.py", line 977, in render_annotated
    return self.render(context)
           ~~~~~~~~~~~^^^^^^^^^
  File "E:\Campus Management System\campus_mgmt\env\Lib\site-packages\django\template\defaulttags.py", line 327, in render
    return nodelist.render(context)
           ~~~~~~~~~~~~~~~^^^^^^^^^
  File "E:\Campus Management System\campus_mgmt\env\Lib\site-packages\django\template\base.py", line 1016, in render
    return SafeString("".join([node.render_annotated(context) for node in self]))
                               ~~~~~~~~~~~~~~~~~~~~~^^^^^^^^^
  File "E:\Campus Management System\campus_mgmt\env\Lib\site-packages\django\template\base.py", line 977, in render_annotated
    return self.render(context)
           ~~~~~~~~~~~^^^^^^^^^
  File "E:\Campus Management System\campus_mgmt\env\Lib\site-packages\django\template\defaulttags.py", line 327, in render
    return nodelist.render(context)
           ~~~~~~~~~~~~~~~^^^^^^^^^
  File "E:\Campus Management System\campus_mgmt\env\Lib\site-packages\django\template\base.py", line 1016, in render
    return SafeString("".join([node.render_annotated(context) for node in self]))
                               ~~~~~~~~~~~~~~~~~~~~~^^^^^^^^^
  File "E:\Campus Management System\campus_mgmt\env\Lib\site-packages\django\template\base.py", line 977, in render_annotated
    return self.render(context)
           ~~~~~~~~~~~^^^^^^^^^
  File "E:\Campus Management System\campus_mgmt\env\Lib\site-packages\django\template\defaulttags.py", line 480, in render
    url = reverse(view_name, args=args, kwargs=kwargs, current_app=current_app)
  File "E:\Campus Management System\campus_mgmt\env\Lib\site-packages\django\urls\base.py", line 98, in reverse
    resolved_url = resolver._reverse_with_prefix(view, prefix, *args, **kwargs)
  File "E:\Campus Management System\campus_mgmt\env\Lib\site-packages\django\urls\resolvers.py", line 831, in _reverse_with_prefix
    raise NoReverseMatch(msg)
django.urls.exceptions.NoReverseMatch: Reverse for 'enrollment_dashboard' not found. 'enrollment_dashboard' is not a valid view function or pattern name.
2025-05-18 15:37:39,655 INFO: student2 enrolled in a course
2025-05-18 15:40:37,115 ERROR: Internal Server Error: /courses/enrollments/
Traceback (most recent call last):
  File "E:\Campus Management System\campus_mgmt\env\Lib\site-packages\django\core\handlers\exception.py", line 55, in inner
    response = get_response(request)
  File "E:\Campus Management System\campus_mgmt\env\Lib\site-packages\django\core\handlers\base.py", line 197, in _get_response
    response = wrapped_callback(request, *callback_args, **callback_kwargs)
  File "E:\Campus Management System\campus_mgmt\env\Lib\site-packages\django\contrib\auth\decorators.py", line 59, in _view_wrapper
    return view_func(request, *args, **kwargs)
  File "E:\Campus Management System\campus_mgmt\courses\views.py", line 105, in enrollment_dashboard
    return render(request, 'courses/enrollment_dashboard.html', {'enrollments': enrollments})
  File "E:\Campus Management System\campus_mgmt\env\Lib\site-packages\django\shortcuts.py", line 25, in render
    content = loader.render_to_string(template_name, context, request, using=using)
  File "E:\Campus Management System\campus_mgmt\env\Lib\site-packages\django\template\loader.py", line 62, in render_to_string
    return template.render(context, request)
           ~~~~~~~~~~~~~~~^^^^^^^^^^^^^^^^^^
  File "E:\Campus Management System\campus_mgmt\env\Lib\site-packages\django\template\backends\django.py", line 107, in render
    return self.template.render(context)
           ~~~~~~~~~~~~~~~~~~~~^^^^^^^^^
  File "E:\Campus Management System\campus_mgmt\env\Lib\site-packages\django\template\base.py", line 171, in render
    return self._render(context)
           ~~~~~~~~~~~~^^^^^^^^^
  File "E:\Campus Management System\campus_mgmt\env\Lib\site-packages\django\template\base.py", line 163, in _render
    return self.nodelist.render(context)
           ~~~~~~~~~~~~~~~~~~~~^^^^^^^^^
  File "E:\Campus Management System\campus_mgmt\env\Lib\site-packages\django\template\base.py", line 1016, in render
    return SafeString("".join([node.render_annotated(context) for node in self]))
                               ~~~~~~~~~~~~~~~~~~~~~^^^^^^^^^
  File "E:\Campus Management System\campus_mgmt\env\Lib\site-packages\django\template\base.py", line 977, in render_annotated
    return self.render(context)
           ~~~~~~~~~~~^^^^^^^^^
  File "E:\Campus Management System\campus_mgmt\env\Lib\site-packages\django\template\loader_tags.py", line 159, in render
    return compiled_parent._render(context)
           ~~~~~~~~~~~~~~~~~~~~~~~^^^^^^^^^
  File "E:\Campus Management System\campus_mgmt\env\Lib\site-packages\django\template\base.py", line 163, in _render
    return self.nodelist.render(context)
           ~~~~~~~~~~~~~~~~~~~~^^^^^^^^^
  File "E:\Campus Management System\campus_mgmt\env\Lib\site-packages\django\template\base.py", line 1016, in render
    return SafeString("".join([node.render_annotated(context) for node in self]))
                               ~~~~~~~~~~~~~~~~~~~~~^^^^^^^^^
  File "E:\Campus Management System\campus_mgmt\env\Lib\site-packages\django\template\base.py", line 977, in render_annotated
    return self.render(context)
           ~~~~~~~~~~~^^^^^^^^^
  File "E:\Campus Management System\campus_mgmt\env\Lib\site-packages\django\template\defaulttags.py", line 327, in render
    return nodelist.render(context)
           ~~~~~~~~~~~~~~~^^^^^^^^^
  File "E:\Campus Management System\campus_mgmt\env\Lib\site-packages\django\template\base.py", line 1016, in render
    return SafeString("".join([node.render_annotated(context) for node in self]))
                               ~~~~~~~~~~~~~~~~~~~~~^^^^^^^^^
  File "E:\Campus Management System\campus_mgmt\env\Lib\site-packages\django\template\base.py", line 977, in render_annotated
    return self.render(context)
           ~~~~~~~~~~~^^^^^^^^^
  File "E:\Campus Management System\campus_mgmt\env\Lib\site-packages\django\template\defaulttags.py", line 327, in render
    return nodelist.render(context)
           ~~~~~~~~~~~~~~~^^^^^^^^^
  File "E:\Campus Management System\campus_mgmt\env\Lib\site-packages\django\template\base.py", line 1016, in render
    return SafeString("".join([node.render_annotated(context) for node in self]))
                               ~~~~~~~~~~~~~~~~~~~~~^^^^^^^^^
  File "E:\Campus Management System\campus_mgmt\env\Lib\site-packages\django\template\base.py", line 977, in render_annotated
    return self.render(context)
           ~~~~~~~~~~~^^^^^^^^^
  File "E:\Campus Management System\campus_mgmt\env\Lib\site-packages\django\template\defaulttags.py", line 480, in render
    url = reverse(view_name, args=args, kwargs=kwargs, current_app=current_app)
  File "E:\Campus Management System\campus_mgmt\env\Lib\site-packages\django\urls\base.py", line 98, in reverse
    resolved_url = resolver._reverse_with_prefix(view, prefix, *args, **kwargs)
  File "E:\Campus Management System\campus_mgmt\env\Lib\site-packages\django\urls\resolvers.py", line 831, in _reverse_with_prefix
    raise NoReverseMatch(msg)
django.urls.exceptions.NoReverseMatch: Reverse for 'enrollment_dashboard' not found. 'enrollment_dashboard' is not a valid view function or pattern name.
2025-05-18 15:40:37,220 INFO: student2 enrolled in a course
2025-05-18 15:46:48,180 ERROR: Internal Server Error: /accounts/login/
Traceback (most recent call last):
  File "E:\Campus Management System\campus_mgmt\env\Lib\site-packages\django\core\handlers\exception.py", line 55, in inner
    response = get_response(request)
  File "E:\Campus Management System\campus_mgmt\env\Lib\site-packages\django\core\handlers\base.py", line 197, in _get_response
    response = wrapped_callback(request, *callback_args, **callback_kwargs)
  File "E:\Campus Management System\campus_mgmt\accounts\views.py", line 29, in login_view
    return render(request, 'accounts/login.html')
  File "E:\Campus Management System\campus_mgmt\env\Lib\site-packages\django\shortcuts.py", line 25, in render
    content = loader.render_to_string(template_name, context, request, using=using)
  File "E:\Campus Management System\campus_mgmt\env\Lib\site-packages\django\template\loader.py", line 62, in render_to_string
    return template.render(context, request)
           ~~~~~~~~~~~~~~~^^^^^^^^^^^^^^^^^^
  File "E:\Campus Management System\campus_mgmt\env\Lib\site-packages\django\template\backends\django.py", line 107, in render
    return self.template.render(context)
           ~~~~~~~~~~~~~~~~~~~~^^^^^^^^^
  File "E:\Campus Management System\campus_mgmt\env\Lib\site-packages\django\template\base.py", line 171, in render
    return self._render(context)
           ~~~~~~~~~~~~^^^^^^^^^
  File "E:\Campus Management System\campus_mgmt\env\Lib\site-packages\django\template\base.py", line 163, in _render
    return self.nodelist.render(context)
           ~~~~~~~~~~~~~~~~~~~~^^^^^^^^^
  File "E:\Campus Management System\campus_mgmt\env\Lib\site-packages\django\template\base.py", line 1016, in render
    return SafeString("".join([node.render_annotated(context) for node in self]))
                               ~~~~~~~~~~~~~~~~~~~~~^^^^^^^^^
  File "E:\Campus Management System\campus_mgmt\env\Lib\site-packages\django\template\base.py", line 977, in render_annotated
    return self.render(context)
           ~~~~~~~~~~~^^^^^^^^^
  File "E:\Campus Management System\campus_mgmt\env\Lib\site-packages\django\template\loader_tags.py", line 159, in render
    return compiled_parent._render(context)
           ~~~~~~~~~~~~~~~~~~~~~~~^^^^^^^^^
  File "E:\Campus Management System\campus_mgmt\env\Lib\site-packages\django\template\base.py", line 163, in _render
    return self.nodelist.render(context)
           ~~~~~~~~~~~~~~~~~~~~^^^^^^^^^
  File "E:\Campus Management System\campus_mgmt\env\Lib\site-packages\django\template\base.py", line 1016, in render
    return SafeString("".join([node.render_annotated(context) for node in self]))
                               ~~~~~~~~~~~~~~~~~~~~~^^^^^^^^^
  File "E:\Campus Management System\campus_mgmt\env\Lib\site-packages\django\template\base.py", line 977, in render_annotated
    return self.render(context)
           ~~~~~~~~~~~^^^^^^^^^
  File "E:\Campus Management System\campus_mgmt\env\Lib\site-packages\django\template\defaulttags.py", line 327, in render
    return nodelist.render(context)
           ~~~~~~~~~~~~~~~^^^^^^^^^
  File "E:\Campus Management System\campus_mgmt\env\Lib\site-packages\django\template\base.py", line 1016, in render
    return SafeString("".join([node.render_annotated(context) for node in self]))
                               ~~~~~~~~~~~~~~~~~~~~~^^^^^^^^^
  File "E:\Campus Management System\campus_mgmt\env\Lib\site-packages\django\template\base.py", line 977, in render_annotated
    return self.render(context)
           ~~~~~~~~~~~^^^^^^^^^
  File "E:\Campus Management System\campus_mgmt\env\Lib\site-packages\django\template\defaulttags.py", line 327, in render
    return nodelist.render(context)
           ~~~~~~~~~~~~~~~^^^^^^^^^
  File "E:\Campus Management System\campus_mgmt\env\Lib\site-packages\django\template\base.py", line 1016, in render
    return SafeString("".join([node.render_annotated(context) for node in self]))
                               ~~~~~~~~~~~~~~~~~~~~~^^^^^^^^^
  File "E:\Campus Management System\campus_mgmt\env\Lib\site-packages\django\template\base.py", line 977, in render_annotated
    return self.render(context)
           ~~~~~~~~~~~^^^^^^^^^
  File "E:\Campus Management System\campus_mgmt\env\Lib\site-packages\django\template\defaulttags.py", line 480, in render
    url = reverse(view_name, args=args, kwargs=kwargs, current_app=current_app)
  File "E:\Campus Management System\campus_mgmt\env\Lib\site-packages\django\urls\base.py", line 98, in reverse
    resolved_url = resolver._reverse_with_prefix(view, prefix, *args, **kwargs)
  File "E:\Campus Management System\campus_mgmt\env\Lib\site-packages\django\urls\resolvers.py", line 831, in _reverse_with_prefix
    raise NoReverseMatch(msg)
django.urls.exceptions.NoReverseMatch: Reverse for 'enrollment_dashboard' not found. 'enrollment_dashboard' is not a valid view function or pattern name.
2025-05-18 15:46:48,208 INFO: student2 logged in
2025-05-18 15:47:04,472 ERROR: Internal Server Error: /accounts/login/
Traceback (most recent call last):
  File "E:\Campus Management System\campus_mgmt\env\Lib\site-packages\django\core\handlers\exception.py", line 55, in inner
    response = get_response(request)
  File "E:\Campus Management System\campus_mgmt\env\Lib\site-packages\django\core\handlers\base.py", line 197, in _get_response
    response = wrapped_callback(request, *callback_args, **callback_kwargs)
  File "E:\Campus Management System\campus_mgmt\accounts\views.py", line 29, in login_view
    return render(request, 'accounts/login.html')
  File "E:\Campus Management System\campus_mgmt\env\Lib\site-packages\django\shortcuts.py", line 25, in render
    content = loader.render_to_string(template_name, context, request, using=using)
  File "E:\Campus Management System\campus_mgmt\env\Lib\site-packages\django\template\loader.py", line 62, in render_to_string
    return template.render(context, request)
           ~~~~~~~~~~~~~~~^^^^^^^^^^^^^^^^^^
  File "E:\Campus Management System\campus_mgmt\env\Lib\site-packages\django\template\backends\django.py", line 107, in render
    return self.template.render(context)
           ~~~~~~~~~~~~~~~~~~~~^^^^^^^^^
  File "E:\Campus Management System\campus_mgmt\env\Lib\site-packages\django\template\base.py", line 171, in render
    return self._render(context)
           ~~~~~~~~~~~~^^^^^^^^^
  File "E:\Campus Management System\campus_mgmt\env\Lib\site-packages\django\template\base.py", line 163, in _render
    return self.nodelist.render(context)
           ~~~~~~~~~~~~~~~~~~~~^^^^^^^^^
  File "E:\Campus Management System\campus_mgmt\env\Lib\site-packages\django\template\base.py", line 1016, in render
    return SafeString("".join([node.render_annotated(context) for node in self]))
                               ~~~~~~~~~~~~~~~~~~~~~^^^^^^^^^
  File "E:\Campus Management System\campus_mgmt\env\Lib\site-packages\django\template\base.py", line 977, in render_annotated
    return self.render(context)
           ~~~~~~~~~~~^^^^^^^^^
  File "E:\Campus Management System\campus_mgmt\env\Lib\site-packages\django\template\loader_tags.py", line 159, in render
    return compiled_parent._render(context)
           ~~~~~~~~~~~~~~~~~~~~~~~^^^^^^^^^
  File "E:\Campus Management System\campus_mgmt\env\Lib\site-packages\django\template\base.py", line 163, in _render
    return self.nodelist.render(context)
           ~~~~~~~~~~~~~~~~~~~~^^^^^^^^^
  File "E:\Campus Management System\campus_mgmt\env\Lib\site-packages\django\template\base.py", line 1016, in render
    return SafeString("".join([node.render_annotated(context) for node in self]))
                               ~~~~~~~~~~~~~~~~~~~~~^^^^^^^^^
  File "E:\Campus Management System\campus_mgmt\env\Lib\site-packages\django\template\base.py", line 977, in render_annotated
    return self.render(context)
           ~~~~~~~~~~~^^^^^^^^^
  File "E:\Campus Management System\campus_mgmt\env\Lib\site-packages\django\template\defaulttags.py", line 327, in render
    return nodelist.render(context)
           ~~~~~~~~~~~~~~~^^^^^^^^^
  File "E:\Campus Management System\campus_mgmt\env\Lib\site-packages\django\template\base.py", line 1016, in render
    return SafeString("".join([node.render_annotated(context) for node in self]))
                               ~~~~~~~~~~~~~~~~~~~~~^^^^^^^^^
  File "E:\Campus Management System\campus_mgmt\env\Lib\site-packages\django\template\base.py", line 977, in render_annotated
    return self.render(context)
           ~~~~~~~~~~~^^^^^^^^^
  File "E:\Campus Management System\campus_mgmt\env\Lib\site-packages\django\template\defaulttags.py", line 327, in render
    return nodelist.render(context)
           ~~~~~~~~~~~~~~~^^^^^^^^^
  File "E:\Campus Management System\campus_mgmt\env\Lib\site-packages\django\template\base.py", line 1016, in render
    return SafeString("".join([node.render_annotated(context) for node in self]))
                               ~~~~~~~~~~~~~~~~~~~~~^^^^^^^^^
  File "E:\Campus Management System\campus_mgmt\env\Lib\site-packages\django\template\base.py", line 977, in render_annotated
    return self.render(context)
           ~~~~~~~~~~~^^^^^^^^^
  File "E:\Campus Management System\campus_mgmt\env\Lib\site-packages\django\template\defaulttags.py", line 480, in render
    url = reverse(view_name, args=args, kwargs=kwargs, current_app=current_app)
  File "E:\Campus Management System\campus_mgmt\env\Lib\site-packages\django\urls\base.py", line 98, in reverse
    resolved_url = resolver._reverse_with_prefix(view, prefix, *args, **kwargs)
  File "E:\Campus Management System\campus_mgmt\env\Lib\site-packages\django\urls\resolvers.py", line 831, in _reverse_with_prefix
    raise NoReverseMatch(msg)
django.urls.exceptions.NoReverseMatch: Reverse for 'enrollment_dashboard' not found. 'enrollment_dashboard' is not a valid view function or pattern name.
2025-05-18 15:47:04,605 INFO: student2 logged in
2025-05-18 15:48:17,106 ERROR: Internal Server Error: /accounts/login/
Traceback (most recent call last):
  File "E:\Campus Management System\campus_mgmt\env\Lib\site-packages\django\core\handlers\exception.py", line 55, in inner
    response = get_response(request)
  File "E:\Campus Management System\campus_mgmt\env\Lib\site-packages\django\core\handlers\base.py", line 197, in _get_response
    response = wrapped_callback(request, *callback_args, **callback_kwargs)
  File "E:\Campus Management System\campus_mgmt\accounts\views.py", line 29, in login_view
    return render(request, 'accounts/login.html')
  File "E:\Campus Management System\campus_mgmt\env\Lib\site-packages\django\shortcuts.py", line 25, in render
    content = loader.render_to_string(template_name, context, request, using=using)
  File "E:\Campus Management System\campus_mgmt\env\Lib\site-packages\django\template\loader.py", line 62, in render_to_string
    return template.render(context, request)
           ~~~~~~~~~~~~~~~^^^^^^^^^^^^^^^^^^
  File "E:\Campus Management System\campus_mgmt\env\Lib\site-packages\django\template\backends\django.py", line 107, in render
    return self.template.render(context)
           ~~~~~~~~~~~~~~~~~~~~^^^^^^^^^
  File "E:\Campus Management System\campus_mgmt\env\Lib\site-packages\django\template\base.py", line 171, in render
    return self._render(context)
           ~~~~~~~~~~~~^^^^^^^^^
  File "E:\Campus Management System\campus_mgmt\env\Lib\site-packages\django\template\base.py", line 163, in _render
    return self.nodelist.render(context)
           ~~~~~~~~~~~~~~~~~~~~^^^^^^^^^
  File "E:\Campus Management System\campus_mgmt\env\Lib\site-packages\django\template\base.py", line 1016, in render
    return SafeString("".join([node.render_annotated(context) for node in self]))
                               ~~~~~~~~~~~~~~~~~~~~~^^^^^^^^^
  File "E:\Campus Management System\campus_mgmt\env\Lib\site-packages\django\template\base.py", line 977, in render_annotated
    return self.render(context)
           ~~~~~~~~~~~^^^^^^^^^
  File "E:\Campus Management System\campus_mgmt\env\Lib\site-packages\django\template\loader_tags.py", line 159, in render
    return compiled_parent._render(context)
           ~~~~~~~~~~~~~~~~~~~~~~~^^^^^^^^^
  File "E:\Campus Management System\campus_mgmt\env\Lib\site-packages\django\template\base.py", line 163, in _render
    return self.nodelist.render(context)
           ~~~~~~~~~~~~~~~~~~~~^^^^^^^^^
  File "E:\Campus Management System\campus_mgmt\env\Lib\site-packages\django\template\base.py", line 1016, in render
    return SafeString("".join([node.render_annotated(context) for node in self]))
                               ~~~~~~~~~~~~~~~~~~~~~^^^^^^^^^
  File "E:\Campus Management System\campus_mgmt\env\Lib\site-packages\django\template\base.py", line 977, in render_annotated
    return self.render(context)
           ~~~~~~~~~~~^^^^^^^^^
  File "E:\Campus Management System\campus_mgmt\env\Lib\site-packages\django\template\defaulttags.py", line 327, in render
    return nodelist.render(context)
           ~~~~~~~~~~~~~~~^^^^^^^^^
  File "E:\Campus Management System\campus_mgmt\env\Lib\site-packages\django\template\base.py", line 1016, in render
    return SafeString("".join([node.render_annotated(context) for node in self]))
                               ~~~~~~~~~~~~~~~~~~~~~^^^^^^^^^
  File "E:\Campus Management System\campus_mgmt\env\Lib\site-packages\django\template\base.py", line 977, in render_annotated
    return self.render(context)
           ~~~~~~~~~~~^^^^^^^^^
  File "E:\Campus Management System\campus_mgmt\env\Lib\site-packages\django\template\defaulttags.py", line 327, in render
    return nodelist.render(context)
           ~~~~~~~~~~~~~~~^^^^^^^^^
  File "E:\Campus Management System\campus_mgmt\env\Lib\site-packages\django\template\base.py", line 1016, in render
    return SafeString("".join([node.render_annotated(context) for node in self]))
                               ~~~~~~~~~~~~~~~~~~~~~^^^^^^^^^
  File "E:\Campus Management System\campus_mgmt\env\Lib\site-packages\django\template\base.py", line 977, in render_annotated
    return self.render(context)
           ~~~~~~~~~~~^^^^^^^^^
  File "E:\Campus Management System\campus_mgmt\env\Lib\site-packages\django\template\defaulttags.py", line 480, in render
    url = reverse(view_name, args=args, kwargs=kwargs, current_app=current_app)
  File "E:\Campus Management System\campus_mgmt\env\Lib\site-packages\django\urls\base.py", line 98, in reverse
    resolved_url = resolver._reverse_with_prefix(view, prefix, *args, **kwargs)
  File "E:\Campus Management System\campus_mgmt\env\Lib\site-packages\django\urls\resolvers.py", line 831, in _reverse_with_prefix
    raise NoReverseMatch(msg)
django.urls.exceptions.NoReverseMatch: Reverse for 'enrollment_dashboard' not found. 'enrollment_dashboard' is not a valid view function or pattern name.
2025-05-18 15:48:17,141 INFO: student2 logged in
2025-05-18 15:55:14,557 INFO: E:\Campus Management System\campus_mgmt\courses\views.py changed, reloading.
2025-05-18 15:55:32,359 INFO: E:\Campus Management System\campus_mgmt\courses\views.py changed, reloading.
2025-05-18 15:55:42,119 ERROR: Internal Server Error: /courses/enrollments/
Traceback (most recent call last):
  File "E:\Campus Management System\campus_mgmt\env\Lib\site-packages\django\core\handlers\exception.py", line 55, in inner
    response = get_response(request)
  File "E:\Campus Management System\campus_mgmt\env\Lib\site-packages\django\core\handlers\base.py", line 197, in _get_response
    response = wrapped_callback(request, *callback_args, **callback_kwargs)
  File "E:\Campus Management System\campus_mgmt\env\Lib\site-packages\django\contrib\auth\decorators.py", line 59, in _view_wrapper
    return view_func(request, *args, **kwargs)
  File "E:\Campus Management System\campus_mgmt\courses\views.py", line 111, in enrollment_dashboard
    return render(request, 'courses/enrollment_dashboard.html', context)
  File "E:\Campus Management System\campus_mgmt\env\Lib\site-packages\django\shortcuts.py", line 25, in render
    content = loader.render_to_string(template_name, context, request, using=using)
  File "E:\Campus Management System\campus_mgmt\env\Lib\site-packages\django\template\loader.py", line 62, in render_to_string
    return template.render(context, request)
           ~~~~~~~~~~~~~~~^^^^^^^^^^^^^^^^^^
  File "E:\Campus Management System\campus_mgmt\env\Lib\site-packages\django\template\backends\django.py", line 107, in render
    return self.template.render(context)
           ~~~~~~~~~~~~~~~~~~~~^^^^^^^^^
  File "E:\Campus Management System\campus_mgmt\env\Lib\site-packages\django\template\base.py", line 171, in render
    return self._render(context)
           ~~~~~~~~~~~~^^^^^^^^^
  File "E:\Campus Management System\campus_mgmt\env\Lib\site-packages\django\template\base.py", line 163, in _render
    return self.nodelist.render(context)
           ~~~~~~~~~~~~~~~~~~~~^^^^^^^^^
  File "E:\Campus Management System\campus_mgmt\env\Lib\site-packages\django\template\base.py", line 1016, in render
    return SafeString("".join([node.render_annotated(context) for node in self]))
                               ~~~~~~~~~~~~~~~~~~~~~^^^^^^^^^
  File "E:\Campus Management System\campus_mgmt\env\Lib\site-packages\django\template\base.py", line 977, in render_annotated
    return self.render(context)
           ~~~~~~~~~~~^^^^^^^^^
  File "E:\Campus Management System\campus_mgmt\env\Lib\site-packages\django\template\loader_tags.py", line 159, in render
    return compiled_parent._render(context)
           ~~~~~~~~~~~~~~~~~~~~~~~^^^^^^^^^
  File "E:\Campus Management System\campus_mgmt\env\Lib\site-packages\django\template\base.py", line 163, in _render
    return self.nodelist.render(context)
           ~~~~~~~~~~~~~~~~~~~~^^^^^^^^^
  File "E:\Campus Management System\campus_mgmt\env\Lib\site-packages\django\template\base.py", line 1016, in render
    return SafeString("".join([node.render_annotated(context) for node in self]))
                               ~~~~~~~~~~~~~~~~~~~~~^^^^^^^^^
  File "E:\Campus Management System\campus_mgmt\env\Lib\site-packages\django\template\base.py", line 977, in render_annotated
    return self.render(context)
           ~~~~~~~~~~~^^^^^^^^^
  File "E:\Campus Management System\campus_mgmt\env\Lib\site-packages\django\template\defaulttags.py", line 327, in render
    return nodelist.render(context)
           ~~~~~~~~~~~~~~~^^^^^^^^^
  File "E:\Campus Management System\campus_mgmt\env\Lib\site-packages\django\template\base.py", line 1016, in render
    return SafeString("".join([node.render_annotated(context) for node in self]))
                               ~~~~~~~~~~~~~~~~~~~~~^^^^^^^^^
  File "E:\Campus Management System\campus_mgmt\env\Lib\site-packages\django\template\base.py", line 977, in render_annotated
    return self.render(context)
           ~~~~~~~~~~~^^^^^^^^^
  File "E:\Campus Management System\campus_mgmt\env\Lib\site-packages\django\template\defaulttags.py", line 327, in render
    return nodelist.render(context)
           ~~~~~~~~~~~~~~~^^^^^^^^^
  File "E:\Campus Management System\campus_mgmt\env\Lib\site-packages\django\template\base.py", line 1016, in render
    return SafeString("".join([node.render_annotated(context) for node in self]))
                               ~~~~~~~~~~~~~~~~~~~~~^^^^^^^^^
  File "E:\Campus Management System\campus_mgmt\env\Lib\site-packages\django\template\base.py", line 977, in render_annotated
    return self.render(context)
           ~~~~~~~~~~~^^^^^^^^^
  File "E:\Campus Management System\campus_mgmt\env\Lib\site-packages\django\template\defaulttags.py", line 480, in render
    url = reverse(view_name, args=args, kwargs=kwargs, current_app=current_app)
  File "E:\Campus Management System\campus_mgmt\env\Lib\site-packages\django\urls\base.py", line 98, in reverse
    resolved_url = resolver._reverse_with_prefix(view, prefix, *args, **kwargs)
  File "E:\Campus Management System\campus_mgmt\env\Lib\site-packages\django\urls\resolvers.py", line 831, in _reverse_with_prefix
    raise NoReverseMatch(msg)
django.urls.exceptions.NoReverseMatch: Reverse for 'enrollment_dashboard' not found. 'enrollment_dashboard' is not a valid view function or pattern name.
2025-05-18 15:55:42,164 INFO: student2 enrolled in a course
2025-05-18 15:55:44,274 ERROR: Internal Server Error: /courses/enrollments/
Traceback (most recent call last):
  File "E:\Campus Management System\campus_mgmt\env\Lib\site-packages\django\core\handlers\exception.py", line 55, in inner
    response = get_response(request)
  File "E:\Campus Management System\campus_mgmt\env\Lib\site-packages\django\core\handlers\base.py", line 197, in _get_response
    response = wrapped_callback(request, *callback_args, **callback_kwargs)
  File "E:\Campus Management System\campus_mgmt\env\Lib\site-packages\django\contrib\auth\decorators.py", line 59, in _view_wrapper
    return view_func(request, *args, **kwargs)
  File "E:\Campus Management System\campus_mgmt\courses\views.py", line 111, in enrollment_dashboard
    return render(request, 'courses/enrollment_dashboard.html', context)
  File "E:\Campus Management System\campus_mgmt\env\Lib\site-packages\django\shortcuts.py", line 25, in render
    content = loader.render_to_string(template_name, context, request, using=using)
  File "E:\Campus Management System\campus_mgmt\env\Lib\site-packages\django\template\loader.py", line 62, in render_to_string
    return template.render(context, request)
           ~~~~~~~~~~~~~~~^^^^^^^^^^^^^^^^^^
  File "E:\Campus Management System\campus_mgmt\env\Lib\site-packages\django\template\backends\django.py", line 107, in render
    return self.template.render(context)
           ~~~~~~~~~~~~~~~~~~~~^^^^^^^^^
  File "E:\Campus Management System\campus_mgmt\env\Lib\site-packages\django\template\base.py", line 171, in render
    return self._render(context)
           ~~~~~~~~~~~~^^^^^^^^^
  File "E:\Campus Management System\campus_mgmt\env\Lib\site-packages\django\template\base.py", line 163, in _render
    return self.nodelist.render(context)
           ~~~~~~~~~~~~~~~~~~~~^^^^^^^^^
  File "E:\Campus Management System\campus_mgmt\env\Lib\site-packages\django\template\base.py", line 1016, in render
    return SafeString("".join([node.render_annotated(context) for node in self]))
                               ~~~~~~~~~~~~~~~~~~~~~^^^^^^^^^
  File "E:\Campus Management System\campus_mgmt\env\Lib\site-packages\django\template\base.py", line 977, in render_annotated
    return self.render(context)
           ~~~~~~~~~~~^^^^^^^^^
  File "E:\Campus Management System\campus_mgmt\env\Lib\site-packages\django\template\loader_tags.py", line 159, in render
    return compiled_parent._render(context)
           ~~~~~~~~~~~~~~~~~~~~~~~^^^^^^^^^
  File "E:\Campus Management System\campus_mgmt\env\Lib\site-packages\django\template\base.py", line 163, in _render
    return self.nodelist.render(context)
           ~~~~~~~~~~~~~~~~~~~~^^^^^^^^^
  File "E:\Campus Management System\campus_mgmt\env\Lib\site-packages\django\template\base.py", line 1016, in render
    return SafeString("".join([node.render_annotated(context) for node in self]))
                               ~~~~~~~~~~~~~~~~~~~~~^^^^^^^^^
  File "E:\Campus Management System\campus_mgmt\env\Lib\site-packages\django\template\base.py", line 977, in render_annotated
    return self.render(context)
           ~~~~~~~~~~~^^^^^^^^^
  File "E:\Campus Management System\campus_mgmt\env\Lib\site-packages\django\template\defaulttags.py", line 327, in render
    return nodelist.render(context)
           ~~~~~~~~~~~~~~~^^^^^^^^^
  File "E:\Campus Management System\campus_mgmt\env\Lib\site-packages\django\template\base.py", line 1016, in render
    return SafeString("".join([node.render_annotated(context) for node in self]))
                               ~~~~~~~~~~~~~~~~~~~~~^^^^^^^^^
  File "E:\Campus Management System\campus_mgmt\env\Lib\site-packages\django\template\base.py", line 977, in render_annotated
    return self.render(context)
           ~~~~~~~~~~~^^^^^^^^^
  File "E:\Campus Management System\campus_mgmt\env\Lib\site-packages\django\template\defaulttags.py", line 327, in render
    return nodelist.render(context)
           ~~~~~~~~~~~~~~~^^^^^^^^^
  File "E:\Campus Management System\campus_mgmt\env\Lib\site-packages\django\template\base.py", line 1016, in render
    return SafeString("".join([node.render_annotated(context) for node in self]))
                               ~~~~~~~~~~~~~~~~~~~~~^^^^^^^^^
  File "E:\Campus Management System\campus_mgmt\env\Lib\site-packages\django\template\base.py", line 977, in render_annotated
    return self.render(context)
           ~~~~~~~~~~~^^^^^^^^^
  File "E:\Campus Management System\campus_mgmt\env\Lib\site-packages\django\template\defaulttags.py", line 480, in render
    url = reverse(view_name, args=args, kwargs=kwargs, current_app=current_app)
  File "E:\Campus Management System\campus_mgmt\env\Lib\site-packages\django\urls\base.py", line 98, in reverse
    resolved_url = resolver._reverse_with_prefix(view, prefix, *args, **kwargs)
  File "E:\Campus Management System\campus_mgmt\env\Lib\site-packages\django\urls\resolvers.py", line 831, in _reverse_with_prefix
    raise NoReverseMatch(msg)
django.urls.exceptions.NoReverseMatch: Reverse for 'enrollment_dashboard' not found. 'enrollment_dashboard' is not a valid view function or pattern name.
2025-05-18 15:55:44,394 INFO: student2 enrolled in a course
2025-05-18 15:55:46,661 INFO: student2 logged in
2025-05-18 15:55:49,826 ERROR: Internal Server Error: /accounts/login/
Traceback (most recent call last):
  File "E:\Campus Management System\campus_mgmt\env\Lib\site-packages\django\core\handlers\exception.py", line 55, in inner
    response = get_response(request)
  File "E:\Campus Management System\campus_mgmt\env\Lib\site-packages\django\core\handlers\base.py", line 197, in _get_response
    response = wrapped_callback(request, *callback_args, **callback_kwargs)
  File "E:\Campus Management System\campus_mgmt\accounts\views.py", line 29, in login_view
    return render(request, 'accounts/login.html')
  File "E:\Campus Management System\campus_mgmt\env\Lib\site-packages\django\shortcuts.py", line 25, in render
    content = loader.render_to_string(template_name, context, request, using=using)
  File "E:\Campus Management System\campus_mgmt\env\Lib\site-packages\django\template\loader.py", line 62, in render_to_string
    return template.render(context, request)
           ~~~~~~~~~~~~~~~^^^^^^^^^^^^^^^^^^
  File "E:\Campus Management System\campus_mgmt\env\Lib\site-packages\django\template\backends\django.py", line 107, in render
    return self.template.render(context)
           ~~~~~~~~~~~~~~~~~~~~^^^^^^^^^
  File "E:\Campus Management System\campus_mgmt\env\Lib\site-packages\django\template\base.py", line 171, in render
    return self._render(context)
           ~~~~~~~~~~~~^^^^^^^^^
  File "E:\Campus Management System\campus_mgmt\env\Lib\site-packages\django\template\base.py", line 163, in _render
    return self.nodelist.render(context)
           ~~~~~~~~~~~~~~~~~~~~^^^^^^^^^
  File "E:\Campus Management System\campus_mgmt\env\Lib\site-packages\django\template\base.py", line 1016, in render
    return SafeString("".join([node.render_annotated(context) for node in self]))
                               ~~~~~~~~~~~~~~~~~~~~~^^^^^^^^^
  File "E:\Campus Management System\campus_mgmt\env\Lib\site-packages\django\template\base.py", line 977, in render_annotated
    return self.render(context)
           ~~~~~~~~~~~^^^^^^^^^
  File "E:\Campus Management System\campus_mgmt\env\Lib\site-packages\django\template\loader_tags.py", line 159, in render
    return compiled_parent._render(context)
           ~~~~~~~~~~~~~~~~~~~~~~~^^^^^^^^^
  File "E:\Campus Management System\campus_mgmt\env\Lib\site-packages\django\template\base.py", line 163, in _render
    return self.nodelist.render(context)
           ~~~~~~~~~~~~~~~~~~~~^^^^^^^^^
  File "E:\Campus Management System\campus_mgmt\env\Lib\site-packages\django\template\base.py", line 1016, in render
    return SafeString("".join([node.render_annotated(context) for node in self]))
                               ~~~~~~~~~~~~~~~~~~~~~^^^^^^^^^
  File "E:\Campus Management System\campus_mgmt\env\Lib\site-packages\django\template\base.py", line 977, in render_annotated
    return self.render(context)
           ~~~~~~~~~~~^^^^^^^^^
  File "E:\Campus Management System\campus_mgmt\env\Lib\site-packages\django\template\defaulttags.py", line 327, in render
    return nodelist.render(context)
           ~~~~~~~~~~~~~~~^^^^^^^^^
  File "E:\Campus Management System\campus_mgmt\env\Lib\site-packages\django\template\base.py", line 1016, in render
    return SafeString("".join([node.render_annotated(context) for node in self]))
                               ~~~~~~~~~~~~~~~~~~~~~^^^^^^^^^
  File "E:\Campus Management System\campus_mgmt\env\Lib\site-packages\django\template\base.py", line 977, in render_annotated
    return self.render(context)
           ~~~~~~~~~~~^^^^^^^^^
  File "E:\Campus Management System\campus_mgmt\env\Lib\site-packages\django\template\defaulttags.py", line 327, in render
    return nodelist.render(context)
           ~~~~~~~~~~~~~~~^^^^^^^^^
  File "E:\Campus Management System\campus_mgmt\env\Lib\site-packages\django\template\base.py", line 1016, in render
    return SafeString("".join([node.render_annotated(context) for node in self]))
                               ~~~~~~~~~~~~~~~~~~~~~^^^^^^^^^
  File "E:\Campus Management System\campus_mgmt\env\Lib\site-packages\django\template\base.py", line 977, in render_annotated
    return self.render(context)
           ~~~~~~~~~~~^^^^^^^^^
  File "E:\Campus Management System\campus_mgmt\env\Lib\site-packages\django\template\defaulttags.py", line 480, in render
    url = reverse(view_name, args=args, kwargs=kwargs, current_app=current_app)
  File "E:\Campus Management System\campus_mgmt\env\Lib\site-packages\django\urls\base.py", line 98, in reverse
    resolved_url = resolver._reverse_with_prefix(view, prefix, *args, **kwargs)
  File "E:\Campus Management System\campus_mgmt\env\Lib\site-packages\django\urls\resolvers.py", line 831, in _reverse_with_prefix
    raise NoReverseMatch(msg)
django.urls.exceptions.NoReverseMatch: Reverse for 'enrollment_dashboard' not found. 'enrollment_dashboard' is not a valid view function or pattern name.
2025-05-18 15:55:49,866 INFO: student2 logged in
2025-05-18 15:57:02,044 INFO: E:\Campus Management System\campus_mgmt\courses\urls.py changed, reloading.
2025-05-18 15:58:58,533 INFO: E:\Campus Management System\campus_mgmt\courses\views.py changed, reloading.
2025-05-18 15:59:20,106 INFO: E:\Campus Management System\campus_mgmt\courses\views.py changed, reloading.
2025-05-18 16:00:12,939 INFO: E:\Campus Management System\campus_mgmt\courses\urls.py changed, reloading.
2025-05-18 16:01:31,408 INFO: E:\Campus Management System\campus_mgmt\campus_mgmt\urls.py changed, reloading.
2025-05-18 16:01:37,066 INFO: student2 enrolled in a course
2025-05-18 16:01:37,067 WARNING: Not Found: /courses/enrollments/
2025-05-18 16:01:37,953 INFO: student2 enrolled in a course
2025-05-18 16:01:37,954 WARNING: Not Found: /courses/enrollments/
2025-05-18 16:01:40,303 ERROR: Internal Server Error: /accounts/login/
Traceback (most recent call last):
  File "E:\Campus Management System\campus_mgmt\env\Lib\site-packages\django\core\handlers\exception.py", line 55, in inner
    response = get_response(request)
  File "E:\Campus Management System\campus_mgmt\env\Lib\site-packages\django\core\handlers\base.py", line 197, in _get_response
    response = wrapped_callback(request, *callback_args, **callback_kwargs)
  File "E:\Campus Management System\campus_mgmt\accounts\views.py", line 29, in login_view
    return render(request, 'accounts/login.html')
  File "E:\Campus Management System\campus_mgmt\env\Lib\site-packages\django\shortcuts.py", line 25, in render
    content = loader.render_to_string(template_name, context, request, using=using)
  File "E:\Campus Management System\campus_mgmt\env\Lib\site-packages\django\template\loader.py", line 62, in render_to_string
    return template.render(context, request)
           ~~~~~~~~~~~~~~~^^^^^^^^^^^^^^^^^^
  File "E:\Campus Management System\campus_mgmt\env\Lib\site-packages\django\template\backends\django.py", line 107, in render
    return self.template.render(context)
           ~~~~~~~~~~~~~~~~~~~~^^^^^^^^^
  File "E:\Campus Management System\campus_mgmt\env\Lib\site-packages\django\template\base.py", line 171, in render
    return self._render(context)
           ~~~~~~~~~~~~^^^^^^^^^
  File "E:\Campus Management System\campus_mgmt\env\Lib\site-packages\django\template\base.py", line 163, in _render
    return self.nodelist.render(context)
           ~~~~~~~~~~~~~~~~~~~~^^^^^^^^^
  File "E:\Campus Management System\campus_mgmt\env\Lib\site-packages\django\template\base.py", line 1016, in render
    return SafeString("".join([node.render_annotated(context) for node in self]))
                               ~~~~~~~~~~~~~~~~~~~~~^^^^^^^^^
  File "E:\Campus Management System\campus_mgmt\env\Lib\site-packages\django\template\base.py", line 977, in render_annotated
    return self.render(context)
           ~~~~~~~~~~~^^^^^^^^^
  File "E:\Campus Management System\campus_mgmt\env\Lib\site-packages\django\template\loader_tags.py", line 159, in render
    return compiled_parent._render(context)
           ~~~~~~~~~~~~~~~~~~~~~~~^^^^^^^^^
  File "E:\Campus Management System\campus_mgmt\env\Lib\site-packages\django\template\base.py", line 163, in _render
    return self.nodelist.render(context)
           ~~~~~~~~~~~~~~~~~~~~^^^^^^^^^
  File "E:\Campus Management System\campus_mgmt\env\Lib\site-packages\django\template\base.py", line 1016, in render
    return SafeString("".join([node.render_annotated(context) for node in self]))
                               ~~~~~~~~~~~~~~~~~~~~~^^^^^^^^^
  File "E:\Campus Management System\campus_mgmt\env\Lib\site-packages\django\template\base.py", line 977, in render_annotated
    return self.render(context)
           ~~~~~~~~~~~^^^^^^^^^
  File "E:\Campus Management System\campus_mgmt\env\Lib\site-packages\django\template\defaulttags.py", line 327, in render
    return nodelist.render(context)
           ~~~~~~~~~~~~~~~^^^^^^^^^
  File "E:\Campus Management System\campus_mgmt\env\Lib\site-packages\django\template\base.py", line 1016, in render
    return SafeString("".join([node.render_annotated(context) for node in self]))
                               ~~~~~~~~~~~~~~~~~~~~~^^^^^^^^^
  File "E:\Campus Management System\campus_mgmt\env\Lib\site-packages\django\template\base.py", line 977, in render_annotated
    return self.render(context)
           ~~~~~~~~~~~^^^^^^^^^
  File "E:\Campus Management System\campus_mgmt\env\Lib\site-packages\django\template\defaulttags.py", line 327, in render
    return nodelist.render(context)
           ~~~~~~~~~~~~~~~^^^^^^^^^
  File "E:\Campus Management System\campus_mgmt\env\Lib\site-packages\django\template\base.py", line 1016, in render
    return SafeString("".join([node.render_annotated(context) for node in self]))
                               ~~~~~~~~~~~~~~~~~~~~~^^^^^^^^^
  File "E:\Campus Management System\campus_mgmt\env\Lib\site-packages\django\template\base.py", line 977, in render_annotated
    return self.render(context)
           ~~~~~~~~~~~^^^^^^^^^
  File "E:\Campus Management System\campus_mgmt\env\Lib\site-packages\django\template\defaulttags.py", line 480, in render
    url = reverse(view_name, args=args, kwargs=kwargs, current_app=current_app)
  File "E:\Campus Management System\campus_mgmt\env\Lib\site-packages\django\urls\base.py", line 98, in reverse
    resolved_url = resolver._reverse_with_prefix(view, prefix, *args, **kwargs)
  File "E:\Campus Management System\campus_mgmt\env\Lib\site-packages\django\urls\resolvers.py", line 831, in _reverse_with_prefix
    raise NoReverseMatch(msg)
django.urls.exceptions.NoReverseMatch: Reverse for 'course-list' not found. 'course-list' is not a valid view function or pattern name.
2025-05-18 16:01:40,399 INFO: student2 logged in
2025-05-18 16:02:13,937 INFO: E:\Campus Management System\campus_mgmt\submissions\urls.py changed, reloading.
2025-05-18 16:09:27,430 INFO: student2 enrolled in a course
2025-05-18 16:09:27,431 WARNING: Not Found: /courses/enrollments/
2025-05-18 16:09:28,993 INFO: student2 enrolled in a course
2025-05-18 16:09:28,993 WARNING: Not Found: /courses/enrollments/
2025-05-18 16:09:42,593 ERROR: Internal Server Error: /accounts/login/
Traceback (most recent call last):
  File "E:\Campus Management System\campus_mgmt\env\Lib\site-packages\django\core\handlers\exception.py", line 55, in inner
    response = get_response(request)
  File "E:\Campus Management System\campus_mgmt\env\Lib\site-packages\django\core\handlers\base.py", line 197, in _get_response
    response = wrapped_callback(request, *callback_args, **callback_kwargs)
  File "E:\Campus Management System\campus_mgmt\accounts\views.py", line 29, in login_view
    return render(request, 'accounts/login.html')
  File "E:\Campus Management System\campus_mgmt\env\Lib\site-packages\django\shortcuts.py", line 25, in render
    content = loader.render_to_string(template_name, context, request, using=using)
  File "E:\Campus Management System\campus_mgmt\env\Lib\site-packages\django\template\loader.py", line 62, in render_to_string
    return template.render(context, request)
           ~~~~~~~~~~~~~~~^^^^^^^^^^^^^^^^^^
  File "E:\Campus Management System\campus_mgmt\env\Lib\site-packages\django\template\backends\django.py", line 107, in render
    return self.template.render(context)
           ~~~~~~~~~~~~~~~~~~~~^^^^^^^^^
  File "E:\Campus Management System\campus_mgmt\env\Lib\site-packages\django\template\base.py", line 171, in render
    return self._render(context)
           ~~~~~~~~~~~~^^^^^^^^^
  File "E:\Campus Management System\campus_mgmt\env\Lib\site-packages\django\template\base.py", line 163, in _render
    return self.nodelist.render(context)
           ~~~~~~~~~~~~~~~~~~~~^^^^^^^^^
  File "E:\Campus Management System\campus_mgmt\env\Lib\site-packages\django\template\base.py", line 1016, in render
    return SafeString("".join([node.render_annotated(context) for node in self]))
                               ~~~~~~~~~~~~~~~~~~~~~^^^^^^^^^
  File "E:\Campus Management System\campus_mgmt\env\Lib\site-packages\django\template\base.py", line 977, in render_annotated
    return self.render(context)
           ~~~~~~~~~~~^^^^^^^^^
  File "E:\Campus Management System\campus_mgmt\env\Lib\site-packages\django\template\loader_tags.py", line 159, in render
    return compiled_parent._render(context)
           ~~~~~~~~~~~~~~~~~~~~~~~^^^^^^^^^
  File "E:\Campus Management System\campus_mgmt\env\Lib\site-packages\django\template\base.py", line 163, in _render
    return self.nodelist.render(context)
           ~~~~~~~~~~~~~~~~~~~~^^^^^^^^^
  File "E:\Campus Management System\campus_mgmt\env\Lib\site-packages\django\template\base.py", line 1016, in render
    return SafeString("".join([node.render_annotated(context) for node in self]))
                               ~~~~~~~~~~~~~~~~~~~~~^^^^^^^^^
  File "E:\Campus Management System\campus_mgmt\env\Lib\site-packages\django\template\base.py", line 977, in render_annotated
    return self.render(context)
           ~~~~~~~~~~~^^^^^^^^^
  File "E:\Campus Management System\campus_mgmt\env\Lib\site-packages\django\template\defaulttags.py", line 327, in render
    return nodelist.render(context)
           ~~~~~~~~~~~~~~~^^^^^^^^^
  File "E:\Campus Management System\campus_mgmt\env\Lib\site-packages\django\template\base.py", line 1016, in render
    return SafeString("".join([node.render_annotated(context) for node in self]))
                               ~~~~~~~~~~~~~~~~~~~~~^^^^^^^^^
  File "E:\Campus Management System\campus_mgmt\env\Lib\site-packages\django\template\base.py", line 977, in render_annotated
    return self.render(context)
           ~~~~~~~~~~~^^^^^^^^^
  File "E:\Campus Management System\campus_mgmt\env\Lib\site-packages\django\template\defaulttags.py", line 327, in render
    return nodelist.render(context)
           ~~~~~~~~~~~~~~~^^^^^^^^^
  File "E:\Campus Management System\campus_mgmt\env\Lib\site-packages\django\template\base.py", line 1016, in render
    return SafeString("".join([node.render_annotated(context) for node in self]))
                               ~~~~~~~~~~~~~~~~~~~~~^^^^^^^^^
  File "E:\Campus Management System\campus_mgmt\env\Lib\site-packages\django\template\base.py", line 977, in render_annotated
    return self.render(context)
           ~~~~~~~~~~~^^^^^^^^^
  File "E:\Campus Management System\campus_mgmt\env\Lib\site-packages\django\template\defaulttags.py", line 480, in render
    url = reverse(view_name, args=args, kwargs=kwargs, current_app=current_app)
  File "E:\Campus Management System\campus_mgmt\env\Lib\site-packages\django\urls\base.py", line 98, in reverse
    resolved_url = resolver._reverse_with_prefix(view, prefix, *args, **kwargs)
  File "E:\Campus Management System\campus_mgmt\env\Lib\site-packages\django\urls\resolvers.py", line 831, in _reverse_with_prefix
    raise NoReverseMatch(msg)
django.urls.exceptions.NoReverseMatch: Reverse for 'course-list' not found. 'course-list' is not a valid view function or pattern name.
2025-05-18 16:09:42,629 INFO: student2 logged in
2025-05-18 16:09:48,744 ERROR: Internal Server Error: /accounts/login/
Traceback (most recent call last):
  File "E:\Campus Management System\campus_mgmt\env\Lib\site-packages\django\core\handlers\exception.py", line 55, in inner
    response = get_response(request)
  File "E:\Campus Management System\campus_mgmt\env\Lib\site-packages\django\core\handlers\base.py", line 197, in _get_response
    response = wrapped_callback(request, *callback_args, **callback_kwargs)
  File "E:\Campus Management System\campus_mgmt\accounts\views.py", line 29, in login_view
    return render(request, 'accounts/login.html')
  File "E:\Campus Management System\campus_mgmt\env\Lib\site-packages\django\shortcuts.py", line 25, in render
    content = loader.render_to_string(template_name, context, request, using=using)
  File "E:\Campus Management System\campus_mgmt\env\Lib\site-packages\django\template\loader.py", line 62, in render_to_string
    return template.render(context, request)
           ~~~~~~~~~~~~~~~^^^^^^^^^^^^^^^^^^
  File "E:\Campus Management System\campus_mgmt\env\Lib\site-packages\django\template\backends\django.py", line 107, in render
    return self.template.render(context)
           ~~~~~~~~~~~~~~~~~~~~^^^^^^^^^
  File "E:\Campus Management System\campus_mgmt\env\Lib\site-packages\django\template\base.py", line 171, in render
    return self._render(context)
           ~~~~~~~~~~~~^^^^^^^^^
  File "E:\Campus Management System\campus_mgmt\env\Lib\site-packages\django\template\base.py", line 163, in _render
    return self.nodelist.render(context)
           ~~~~~~~~~~~~~~~~~~~~^^^^^^^^^
  File "E:\Campus Management System\campus_mgmt\env\Lib\site-packages\django\template\base.py", line 1016, in render
    return SafeString("".join([node.render_annotated(context) for node in self]))
                               ~~~~~~~~~~~~~~~~~~~~~^^^^^^^^^
  File "E:\Campus Management System\campus_mgmt\env\Lib\site-packages\django\template\base.py", line 977, in render_annotated
    return self.render(context)
           ~~~~~~~~~~~^^^^^^^^^
  File "E:\Campus Management System\campus_mgmt\env\Lib\site-packages\django\template\loader_tags.py", line 159, in render
    return compiled_parent._render(context)
           ~~~~~~~~~~~~~~~~~~~~~~~^^^^^^^^^
  File "E:\Campus Management System\campus_mgmt\env\Lib\site-packages\django\template\base.py", line 163, in _render
    return self.nodelist.render(context)
           ~~~~~~~~~~~~~~~~~~~~^^^^^^^^^
  File "E:\Campus Management System\campus_mgmt\env\Lib\site-packages\django\template\base.py", line 1016, in render
    return SafeString("".join([node.render_annotated(context) for node in self]))
                               ~~~~~~~~~~~~~~~~~~~~~^^^^^^^^^
  File "E:\Campus Management System\campus_mgmt\env\Lib\site-packages\django\template\base.py", line 977, in render_annotated
    return self.render(context)
           ~~~~~~~~~~~^^^^^^^^^
  File "E:\Campus Management System\campus_mgmt\env\Lib\site-packages\django\template\defaulttags.py", line 327, in render
    return nodelist.render(context)
           ~~~~~~~~~~~~~~~^^^^^^^^^
  File "E:\Campus Management System\campus_mgmt\env\Lib\site-packages\django\template\base.py", line 1016, in render
    return SafeString("".join([node.render_annotated(context) for node in self]))
                               ~~~~~~~~~~~~~~~~~~~~~^^^^^^^^^
  File "E:\Campus Management System\campus_mgmt\env\Lib\site-packages\django\template\base.py", line 977, in render_annotated
    return self.render(context)
           ~~~~~~~~~~~^^^^^^^^^
  File "E:\Campus Management System\campus_mgmt\env\Lib\site-packages\django\template\defaulttags.py", line 327, in render
    return nodelist.render(context)
           ~~~~~~~~~~~~~~~^^^^^^^^^
  File "E:\Campus Management System\campus_mgmt\env\Lib\site-packages\django\template\base.py", line 1016, in render
    return SafeString("".join([node.render_annotated(context) for node in self]))
                               ~~~~~~~~~~~~~~~~~~~~~^^^^^^^^^
  File "E:\Campus Management System\campus_mgmt\env\Lib\site-packages\django\template\base.py", line 977, in render_annotated
    return self.render(context)
           ~~~~~~~~~~~^^^^^^^^^
  File "E:\Campus Management System\campus_mgmt\env\Lib\site-packages\django\template\defaulttags.py", line 480, in render
    url = reverse(view_name, args=args, kwargs=kwargs, current_app=current_app)
  File "E:\Campus Management System\campus_mgmt\env\Lib\site-packages\django\urls\base.py", line 98, in reverse
    resolved_url = resolver._reverse_with_prefix(view, prefix, *args, **kwargs)
  File "E:\Campus Management System\campus_mgmt\env\Lib\site-packages\django\urls\resolvers.py", line 831, in _reverse_with_prefix
    raise NoReverseMatch(msg)
django.urls.exceptions.NoReverseMatch: Reverse for 'course-list' not found. 'course-list' is not a valid view function or pattern name.
2025-05-18 16:09:48,792 INFO: student2 logged in
2025-05-18 16:11:51,822 INFO: E:\Campus Management System\campus_mgmt\courses\urls.py changed, reloading.
2025-05-18 16:15:42,099 INFO: student2 logged in
2025-05-18 16:15:56,809 INFO: student2 logged in
2025-05-18 16:16:06,906 ERROR: Internal Server Error: /courses/dashboard/
Traceback (most recent call last):
  File "E:\Campus Management System\campus_mgmt\env\Lib\site-packages\django\urls\base.py", line 81, in reverse
    extra, resolver = resolver.namespace_dict[ns]
                      ~~~~~~~~~~~~~~~~~~~~~~~^^^^
KeyError: 'courses'

During handling of the above exception, another exception occurred:

Traceback (most recent call last):
  File "E:\Campus Management System\campus_mgmt\env\Lib\site-packages\django\core\handlers\exception.py", line 55, in inner
    response = get_response(request)
  File "E:\Campus Management System\campus_mgmt\env\Lib\site-packages\django\core\handlers\base.py", line 197, in _get_response
    response = wrapped_callback(request, *callback_args, **callback_kwargs)
  File "E:\Campus Management System\campus_mgmt\env\Lib\site-packages\django\contrib\auth\decorators.py", line 59, in _view_wrapper
    return view_func(request, *args, **kwargs)
  File "E:\Campus Management System\campus_mgmt\courses\views.py", line 111, in enrollment_dashboard
    return redirect('courses:enrollment_dashboard')
  File "E:\Campus Management System\campus_mgmt\env\Lib\site-packages\django\shortcuts.py", line 51, in redirect
    resolve_url(to, *args, **kwargs),
    ~~~~~~~~~~~^^^^^^^^^^^^^^^^^^^^^
  File "E:\Campus Management System\campus_mgmt\env\Lib\site-packages\django\shortcuts.py", line 184, in resolve_url
    return reverse(to, args=args, kwargs=kwargs)
  File "E:\Campus Management System\campus_mgmt\env\Lib\site-packages\django\urls\base.py", line 92, in reverse
    raise NoReverseMatch("%s is not a registered namespace" % key)
django.urls.exceptions.NoReverseMatch: 'courses' is not a registered namespace
2025-05-18 18:53:44,192 INFO: E:\Campus Management System\campus_mgmt\campus_mgmt\urls.py changed, reloading.
2025-05-18 18:54:04,531 INFO: E:\Campus Management System\campus_mgmt\submissions\urls.py changed, reloading.
2025-05-18 19:15:42,355 INFO: E:\Campus Management System\campus_mgmt\submissions\urls.py changed, reloading.
2025-05-18 21:12:48,438 INFO: student2 logged in
2025-05-18 21:12:55,652 INFO: student2 submitted an assignment
2025-05-18 21:13:06,733 INFO: student2 submitted an assignment
2025-05-18 21:13:07,605 ERROR: Internal Server Error: /courses/dashboard/
Traceback (most recent call last):
  File "E:\Campus Management System\campus_mgmt\env\Lib\site-packages\django\urls\base.py", line 81, in reverse
    extra, resolver = resolver.namespace_dict[ns]
                      ~~~~~~~~~~~~~~~~~~~~~~~^^^^
KeyError: 'courses'

During handling of the above exception, another exception occurred:

Traceback (most recent call last):
  File "E:\Campus Management System\campus_mgmt\env\Lib\site-packages\django\core\handlers\exception.py", line 55, in inner
    response = get_response(request)
  File "E:\Campus Management System\campus_mgmt\env\Lib\site-packages\django\core\handlers\base.py", line 197, in _get_response
    response = wrapped_callback(request, *callback_args, **callback_kwargs)
  File "E:\Campus Management System\campus_mgmt\env\Lib\site-packages\django\contrib\auth\decorators.py", line 59, in _view_wrapper
    return view_func(request, *args, **kwargs)
  File "E:\Campus Management System\campus_mgmt\courses\views.py", line 111, in enrollment_dashboard
    return redirect('courses:enrollment_dashboard')
  File "E:\Campus Management System\campus_mgmt\env\Lib\site-packages\django\shortcuts.py", line 51, in redirect
    resolve_url(to, *args, **kwargs),
    ~~~~~~~~~~~^^^^^^^^^^^^^^^^^^^^^
  File "E:\Campus Management System\campus_mgmt\env\Lib\site-packages\django\shortcuts.py", line 184, in resolve_url
    return reverse(to, args=args, kwargs=kwargs)
  File "E:\Campus Management System\campus_mgmt\env\Lib\site-packages\django\urls\base.py", line 92, in reverse
    raise NoReverseMatch("%s is not a registered namespace" % key)
django.urls.exceptions.NoReverseMatch: 'courses' is not a registered namespace
2025-05-18 21:13:13,981 ERROR: Internal Server Error: /courses/dashboard/
Traceback (most recent call last):
  File "E:\Campus Management System\campus_mgmt\env\Lib\site-packages\django\urls\base.py", line 81, in reverse
    extra, resolver = resolver.namespace_dict[ns]
                      ~~~~~~~~~~~~~~~~~~~~~~~^^^^
KeyError: 'courses'

During handling of the above exception, another exception occurred:

Traceback (most recent call last):
  File "E:\Campus Management System\campus_mgmt\env\Lib\site-packages\django\core\handlers\exception.py", line 55, in inner
    response = get_response(request)
  File "E:\Campus Management System\campus_mgmt\env\Lib\site-packages\django\core\handlers\base.py", line 197, in _get_response
    response = wrapped_callback(request, *callback_args, **callback_kwargs)
  File "E:\Campus Management System\campus_mgmt\env\Lib\site-packages\django\contrib\auth\decorators.py", line 59, in _view_wrapper
    return view_func(request, *args, **kwargs)
  File "E:\Campus Management System\campus_mgmt\courses\views.py", line 111, in enrollment_dashboard
    return redirect('courses:enrollment_dashboard')
  File "E:\Campus Management System\campus_mgmt\env\Lib\site-packages\django\shortcuts.py", line 51, in redirect
    resolve_url(to, *args, **kwargs),
    ~~~~~~~~~~~^^^^^^^^^^^^^^^^^^^^^
  File "E:\Campus Management System\campus_mgmt\env\Lib\site-packages\django\shortcuts.py", line 184, in resolve_url
    return reverse(to, args=args, kwargs=kwargs)
  File "E:\Campus Management System\campus_mgmt\env\Lib\site-packages\django\urls\base.py", line 92, in reverse
    raise NoReverseMatch("%s is not a registered namespace" % key)
django.urls.exceptions.NoReverseMatch: 'courses' is not a registered namespace
2025-05-18 21:23:08,636 INFO: student2 logged in
2025-05-18 21:23:09,578 WARNING: Not Found: /favicon.ico
2025-05-18 21:23:15,593 INFO: student2 logged in
2025-05-18 21:23:18,153 ERROR: Internal Server Error: /courses/dashboard/
Traceback (most recent call last):
  File "E:\Campus Management System\campus_mgmt\env\Lib\site-packages\django\urls\base.py", line 81, in reverse
    extra, resolver = resolver.namespace_dict[ns]
                      ~~~~~~~~~~~~~~~~~~~~~~~^^^^
KeyError: 'courses'

During handling of the above exception, another exception occurred:

Traceback (most recent call last):
  File "E:\Campus Management System\campus_mgmt\env\Lib\site-packages\django\core\handlers\exception.py", line 55, in inner
    response = get_response(request)
  File "E:\Campus Management System\campus_mgmt\env\Lib\site-packages\django\core\handlers\base.py", line 197, in _get_response
    response = wrapped_callback(request, *callback_args, **callback_kwargs)
  File "E:\Campus Management System\campus_mgmt\env\Lib\site-packages\django\contrib\auth\decorators.py", line 59, in _view_wrapper
    return view_func(request, *args, **kwargs)
  File "E:\Campus Management System\campus_mgmt\courses\views.py", line 111, in enrollment_dashboard
    return redirect('courses:enrollment_dashboard')
  File "E:\Campus Management System\campus_mgmt\env\Lib\site-packages\django\shortcuts.py", line 51, in redirect
    resolve_url(to, *args, **kwargs),
    ~~~~~~~~~~~^^^^^^^^^^^^^^^^^^^^^
  File "E:\Campus Management System\campus_mgmt\env\Lib\site-packages\django\shortcuts.py", line 184, in resolve_url
    return reverse(to, args=args, kwargs=kwargs)
  File "E:\Campus Management System\campus_mgmt\env\Lib\site-packages\django\urls\base.py", line 92, in reverse
    raise NoReverseMatch("%s is not a registered namespace" % key)
django.urls.exceptions.NoReverseMatch: 'courses' is not a registered namespace
2025-05-18 21:26:25,036 INFO: E:\Campus Management System\campus_mgmt\campus_mgmt\urls.py changed, reloading.
2025-05-18 21:28:27,485 ERROR: Internal Server Error: /accounts/login/
Traceback (most recent call last):
  File "E:\Campus Management System\campus_mgmt\env\Lib\site-packages\django\core\handlers\exception.py", line 55, in inner
    response = get_response(request)
  File "E:\Campus Management System\campus_mgmt\env\Lib\site-packages\django\core\handlers\base.py", line 197, in _get_response
    response = wrapped_callback(request, *callback_args, **callback_kwargs)
  File "E:\Campus Management System\campus_mgmt\accounts\views.py", line 29, in login_view
    return render(request, 'accounts/login.html')
  File "E:\Campus Management System\campus_mgmt\env\Lib\site-packages\django\shortcuts.py", line 25, in render
    content = loader.render_to_string(template_name, context, request, using=using)
  File "E:\Campus Management System\campus_mgmt\env\Lib\site-packages\django\template\loader.py", line 62, in render_to_string
    return template.render(context, request)
           ~~~~~~~~~~~~~~~^^^^^^^^^^^^^^^^^^
  File "E:\Campus Management System\campus_mgmt\env\Lib\site-packages\django\template\backends\django.py", line 107, in render
    return self.template.render(context)
           ~~~~~~~~~~~~~~~~~~~~^^^^^^^^^
  File "E:\Campus Management System\campus_mgmt\env\Lib\site-packages\django\template\base.py", line 171, in render
    return self._render(context)
           ~~~~~~~~~~~~^^^^^^^^^
  File "E:\Campus Management System\campus_mgmt\env\Lib\site-packages\django\template\base.py", line 163, in _render
    return self.nodelist.render(context)
           ~~~~~~~~~~~~~~~~~~~~^^^^^^^^^
  File "E:\Campus Management System\campus_mgmt\env\Lib\site-packages\django\template\base.py", line 1016, in render
    return SafeString("".join([node.render_annotated(context) for node in self]))
                               ~~~~~~~~~~~~~~~~~~~~~^^^^^^^^^
  File "E:\Campus Management System\campus_mgmt\env\Lib\site-packages\django\template\base.py", line 977, in render_annotated
    return self.render(context)
           ~~~~~~~~~~~^^^^^^^^^
  File "E:\Campus Management System\campus_mgmt\env\Lib\site-packages\django\template\loader_tags.py", line 159, in render
    return compiled_parent._render(context)
           ~~~~~~~~~~~~~~~~~~~~~~~^^^^^^^^^
  File "E:\Campus Management System\campus_mgmt\env\Lib\site-packages\django\template\base.py", line 163, in _render
    return self.nodelist.render(context)
           ~~~~~~~~~~~~~~~~~~~~^^^^^^^^^
  File "E:\Campus Management System\campus_mgmt\env\Lib\site-packages\django\template\base.py", line 1016, in render
    return SafeString("".join([node.render_annotated(context) for node in self]))
                               ~~~~~~~~~~~~~~~~~~~~~^^^^^^^^^
  File "E:\Campus Management System\campus_mgmt\env\Lib\site-packages\django\template\base.py", line 977, in render_annotated
    return self.render(context)
           ~~~~~~~~~~~^^^^^^^^^
  File "E:\Campus Management System\campus_mgmt\env\Lib\site-packages\django\template\defaulttags.py", line 327, in render
    return nodelist.render(context)
           ~~~~~~~~~~~~~~~^^^^^^^^^
  File "E:\Campus Management System\campus_mgmt\env\Lib\site-packages\django\template\base.py", line 1016, in render
    return SafeString("".join([node.render_annotated(context) for node in self]))
                               ~~~~~~~~~~~~~~~~~~~~~^^^^^^^^^
  File "E:\Campus Management System\campus_mgmt\env\Lib\site-packages\django\template\base.py", line 977, in render_annotated
    return self.render(context)
           ~~~~~~~~~~~^^^^^^^^^
  File "E:\Campus Management System\campus_mgmt\env\Lib\site-packages\django\template\defaulttags.py", line 327, in render
    return nodelist.render(context)
           ~~~~~~~~~~~~~~~^^^^^^^^^
  File "E:\Campus Management System\campus_mgmt\env\Lib\site-packages\django\template\base.py", line 1016, in render
    return SafeString("".join([node.render_annotated(context) for node in self]))
                               ~~~~~~~~~~~~~~~~~~~~~^^^^^^^^^
  File "E:\Campus Management System\campus_mgmt\env\Lib\site-packages\django\template\base.py", line 977, in render_annotated
    return self.render(context)
           ~~~~~~~~~~~^^^^^^^^^
  File "E:\Campus Management System\campus_mgmt\env\Lib\site-packages\django\template\defaulttags.py", line 480, in render
    url = reverse(view_name, args=args, kwargs=kwargs, current_app=current_app)
  File "E:\Campus Management System\campus_mgmt\env\Lib\site-packages\django\urls\base.py", line 98, in reverse
    resolved_url = resolver._reverse_with_prefix(view, prefix, *args, **kwargs)
  File "E:\Campus Management System\campus_mgmt\env\Lib\site-packages\django\urls\resolvers.py", line 831, in _reverse_with_prefix
    raise NoReverseMatch(msg)
django.urls.exceptions.NoReverseMatch: Reverse for 'course-list' not found. 'course-list' is not a valid view function or pattern name.
2025-05-18 21:28:27,557 INFO: student2 logged in
2025-05-18 21:29:17,644 ERROR: Internal Server Error: /accounts/login/
Traceback (most recent call last):
  File "E:\Campus Management System\campus_mgmt\env\Lib\site-packages\django\core\handlers\exception.py", line 55, in inner
    response = get_response(request)
  File "E:\Campus Management System\campus_mgmt\env\Lib\site-packages\django\core\handlers\base.py", line 197, in _get_response
    response = wrapped_callback(request, *callback_args, **callback_kwargs)
  File "E:\Campus Management System\campus_mgmt\accounts\views.py", line 29, in login_view
    return render(request, 'accounts/login.html')
  File "E:\Campus Management System\campus_mgmt\env\Lib\site-packages\django\shortcuts.py", line 25, in render
    content = loader.render_to_string(template_name, context, request, using=using)
  File "E:\Campus Management System\campus_mgmt\env\Lib\site-packages\django\template\loader.py", line 62, in render_to_string
    return template.render(context, request)
           ~~~~~~~~~~~~~~~^^^^^^^^^^^^^^^^^^
  File "E:\Campus Management System\campus_mgmt\env\Lib\site-packages\django\template\backends\django.py", line 107, in render
    return self.template.render(context)
           ~~~~~~~~~~~~~~~~~~~~^^^^^^^^^
  File "E:\Campus Management System\campus_mgmt\env\Lib\site-packages\django\template\base.py", line 171, in render
    return self._render(context)
           ~~~~~~~~~~~~^^^^^^^^^
  File "E:\Campus Management System\campus_mgmt\env\Lib\site-packages\django\template\base.py", line 163, in _render
    return self.nodelist.render(context)
           ~~~~~~~~~~~~~~~~~~~~^^^^^^^^^
  File "E:\Campus Management System\campus_mgmt\env\Lib\site-packages\django\template\base.py", line 1016, in render
    return SafeString("".join([node.render_annotated(context) for node in self]))
                               ~~~~~~~~~~~~~~~~~~~~~^^^^^^^^^
  File "E:\Campus Management System\campus_mgmt\env\Lib\site-packages\django\template\base.py", line 977, in render_annotated
    return self.render(context)
           ~~~~~~~~~~~^^^^^^^^^
  File "E:\Campus Management System\campus_mgmt\env\Lib\site-packages\django\template\loader_tags.py", line 159, in render
    return compiled_parent._render(context)
           ~~~~~~~~~~~~~~~~~~~~~~~^^^^^^^^^
  File "E:\Campus Management System\campus_mgmt\env\Lib\site-packages\django\template\base.py", line 163, in _render
    return self.nodelist.render(context)
           ~~~~~~~~~~~~~~~~~~~~^^^^^^^^^
  File "E:\Campus Management System\campus_mgmt\env\Lib\site-packages\django\template\base.py", line 1016, in render
    return SafeString("".join([node.render_annotated(context) for node in self]))
                               ~~~~~~~~~~~~~~~~~~~~~^^^^^^^^^
  File "E:\Campus Management System\campus_mgmt\env\Lib\site-packages\django\template\base.py", line 977, in render_annotated
    return self.render(context)
           ~~~~~~~~~~~^^^^^^^^^
  File "E:\Campus Management System\campus_mgmt\env\Lib\site-packages\django\template\defaulttags.py", line 327, in render
    return nodelist.render(context)
           ~~~~~~~~~~~~~~~^^^^^^^^^
  File "E:\Campus Management System\campus_mgmt\env\Lib\site-packages\django\template\base.py", line 1016, in render
    return SafeString("".join([node.render_annotated(context) for node in self]))
                               ~~~~~~~~~~~~~~~~~~~~~^^^^^^^^^
  File "E:\Campus Management System\campus_mgmt\env\Lib\site-packages\django\template\base.py", line 977, in render_annotated
    return self.render(context)
           ~~~~~~~~~~~^^^^^^^^^
  File "E:\Campus Management System\campus_mgmt\env\Lib\site-packages\django\template\defaulttags.py", line 327, in render
    return nodelist.render(context)
           ~~~~~~~~~~~~~~~^^^^^^^^^
  File "E:\Campus Management System\campus_mgmt\env\Lib\site-packages\django\template\base.py", line 1016, in render
    return SafeString("".join([node.render_annotated(context) for node in self]))
                               ~~~~~~~~~~~~~~~~~~~~~^^^^^^^^^
  File "E:\Campus Management System\campus_mgmt\env\Lib\site-packages\django\template\base.py", line 977, in render_annotated
    return self.render(context)
           ~~~~~~~~~~~^^^^^^^^^
  File "E:\Campus Management System\campus_mgmt\env\Lib\site-packages\django\template\defaulttags.py", line 480, in render
    url = reverse(view_name, args=args, kwargs=kwargs, current_app=current_app)
  File "E:\Campus Management System\campus_mgmt\env\Lib\site-packages\django\urls\base.py", line 98, in reverse
    resolved_url = resolver._reverse_with_prefix(view, prefix, *args, **kwargs)
  File "E:\Campus Management System\campus_mgmt\env\Lib\site-packages\django\urls\resolvers.py", line 831, in _reverse_with_prefix
    raise NoReverseMatch(msg)
django.urls.exceptions.NoReverseMatch: Reverse for 'course-list' not found. 'course-list' is not a valid view function or pattern name.
2025-05-18 21:29:17,693 INFO: student2 logged in
2025-05-18 21:29:22,193 ERROR: Internal Server Error: /accounts/login/
Traceback (most recent call last):
  File "E:\Campus Management System\campus_mgmt\env\Lib\site-packages\django\core\handlers\exception.py", line 55, in inner
    response = get_response(request)
  File "E:\Campus Management System\campus_mgmt\env\Lib\site-packages\django\core\handlers\base.py", line 197, in _get_response
    response = wrapped_callback(request, *callback_args, **callback_kwargs)
  File "E:\Campus Management System\campus_mgmt\accounts\views.py", line 29, in login_view
    return render(request, 'accounts/login.html')
  File "E:\Campus Management System\campus_mgmt\env\Lib\site-packages\django\shortcuts.py", line 25, in render
    content = loader.render_to_string(template_name, context, request, using=using)
  File "E:\Campus Management System\campus_mgmt\env\Lib\site-packages\django\template\loader.py", line 62, in render_to_string
    return template.render(context, request)
           ~~~~~~~~~~~~~~~^^^^^^^^^^^^^^^^^^
  File "E:\Campus Management System\campus_mgmt\env\Lib\site-packages\django\template\backends\django.py", line 107, in render
    return self.template.render(context)
           ~~~~~~~~~~~~~~~~~~~~^^^^^^^^^
  File "E:\Campus Management System\campus_mgmt\env\Lib\site-packages\django\template\base.py", line 171, in render
    return self._render(context)
           ~~~~~~~~~~~~^^^^^^^^^
  File "E:\Campus Management System\campus_mgmt\env\Lib\site-packages\django\template\base.py", line 163, in _render
    return self.nodelist.render(context)
           ~~~~~~~~~~~~~~~~~~~~^^^^^^^^^
  File "E:\Campus Management System\campus_mgmt\env\Lib\site-packages\django\template\base.py", line 1016, in render
    return SafeString("".join([node.render_annotated(context) for node in self]))
                               ~~~~~~~~~~~~~~~~~~~~~^^^^^^^^^
  File "E:\Campus Management System\campus_mgmt\env\Lib\site-packages\django\template\base.py", line 977, in render_annotated
    return self.render(context)
           ~~~~~~~~~~~^^^^^^^^^
  File "E:\Campus Management System\campus_mgmt\env\Lib\site-packages\django\template\loader_tags.py", line 159, in render
    return compiled_parent._render(context)
           ~~~~~~~~~~~~~~~~~~~~~~~^^^^^^^^^
  File "E:\Campus Management System\campus_mgmt\env\Lib\site-packages\django\template\base.py", line 163, in _render
    return self.nodelist.render(context)
           ~~~~~~~~~~~~~~~~~~~~^^^^^^^^^
  File "E:\Campus Management System\campus_mgmt\env\Lib\site-packages\django\template\base.py", line 1016, in render
    return SafeString("".join([node.render_annotated(context) for node in self]))
                               ~~~~~~~~~~~~~~~~~~~~~^^^^^^^^^
  File "E:\Campus Management System\campus_mgmt\env\Lib\site-packages\django\template\base.py", line 977, in render_annotated
    return self.render(context)
           ~~~~~~~~~~~^^^^^^^^^
  File "E:\Campus Management System\campus_mgmt\env\Lib\site-packages\django\template\defaulttags.py", line 327, in render
    return nodelist.render(context)
           ~~~~~~~~~~~~~~~^^^^^^^^^
  File "E:\Campus Management System\campus_mgmt\env\Lib\site-packages\django\template\base.py", line 1016, in render
    return SafeString("".join([node.render_annotated(context) for node in self]))
                               ~~~~~~~~~~~~~~~~~~~~~^^^^^^^^^
  File "E:\Campus Management System\campus_mgmt\env\Lib\site-packages\django\template\base.py", line 977, in render_annotated
    return self.render(context)
           ~~~~~~~~~~~^^^^^^^^^
  File "E:\Campus Management System\campus_mgmt\env\Lib\site-packages\django\template\defaulttags.py", line 327, in render
    return nodelist.render(context)
           ~~~~~~~~~~~~~~~^^^^^^^^^
  File "E:\Campus Management System\campus_mgmt\env\Lib\site-packages\django\template\base.py", line 1016, in render
    return SafeString("".join([node.render_annotated(context) for node in self]))
                               ~~~~~~~~~~~~~~~~~~~~~^^^^^^^^^
  File "E:\Campus Management System\campus_mgmt\env\Lib\site-packages\django\template\base.py", line 977, in render_annotated
    return self.render(context)
           ~~~~~~~~~~~^^^^^^^^^
  File "E:\Campus Management System\campus_mgmt\env\Lib\site-packages\django\template\defaulttags.py", line 480, in render
    url = reverse(view_name, args=args, kwargs=kwargs, current_app=current_app)
  File "E:\Campus Management System\campus_mgmt\env\Lib\site-packages\django\urls\base.py", line 98, in reverse
    resolved_url = resolver._reverse_with_prefix(view, prefix, *args, **kwargs)
  File "E:\Campus Management System\campus_mgmt\env\Lib\site-packages\django\urls\resolvers.py", line 831, in _reverse_with_prefix
    raise NoReverseMatch(msg)
django.urls.exceptions.NoReverseMatch: Reverse for 'course-list' not found. 'course-list' is not a valid view function or pattern name.
2025-05-18 21:29:22,238 INFO: student2 logged in
2025-05-18 21:34:20,711 INFO: E:\Campus Management System\campus_mgmt\courses\urls.py changed, reloading.
2025-05-18 21:35:20,543 INFO: E:\Campus Management System\campus_mgmt\campus_mgmt\urls.py changed, reloading.
2025-05-18 21:35:47,430 INFO: student2 logged in
2025-05-18 21:36:07,248 INFO: student2 logged in
2025-05-18 21:36:31,295 INFO: student2 logged in
2025-05-18 21:36:38,433 INFO: student1 logged in
2025-05-18 21:45:41,551 INFO: E:\Campus Management System\campus_mgmt\courses\views.py changed, reloading.
2025-05-18 21:47:54,694 ERROR: Internal Server Error: /courses/dashboard/
Traceback (most recent call last):
  File "E:\Campus Management System\campus_mgmt\env\Lib\site-packages\django\core\handlers\exception.py", line 55, in inner
    response = get_response(request)
  File "E:\Campus Management System\campus_mgmt\env\Lib\site-packages\django\core\handlers\base.py", line 197, in _get_response
    response = wrapped_callback(request, *callback_args, **callback_kwargs)
  File "E:\Campus Management System\campus_mgmt\env\Lib\site-packages\django\contrib\auth\decorators.py", line 59, in _view_wrapper
    return view_func(request, *args, **kwargs)
  File "E:\Campus Management System\campus_mgmt\courses\views.py", line 111, in enrollment_dashboard
    return render(request, 'courses/dashboard.html', context)
  File "E:\Campus Management System\campus_mgmt\env\Lib\site-packages\django\shortcuts.py", line 25, in render
    content = loader.render_to_string(template_name, context, request, using=using)
  File "E:\Campus Management System\campus_mgmt\env\Lib\site-packages\django\template\loader.py", line 61, in render_to_string
    template = get_template(template_name, using=using)
  File "E:\Campus Management System\campus_mgmt\env\Lib\site-packages\django\template\loader.py", line 19, in get_template
    raise TemplateDoesNotExist(template_name, chain=chain)
django.template.exceptions.TemplateDoesNotExist: courses/dashboard.html
2025-05-18 21:52:47,030 INFO: E:\Campus Management System\campus_mgmt\courses\views.py changed, reloading.
2025-05-18 21:53:07,553 ERROR: Internal Server Error: /courses/dashboard/
Traceback (most recent call last):
  File "E:\Campus Management System\campus_mgmt\env\Lib\site-packages\django\core\handlers\exception.py", line 55, in inner
    response = get_response(request)
  File "E:\Campus Management System\campus_mgmt\env\Lib\site-packages\django\core\handlers\base.py", line 197, in _get_response
    response = wrapped_callback(request, *callback_args, **callback_kwargs)
  File "E:\Campus Management System\campus_mgmt\env\Lib\site-packages\django\contrib\auth\decorators.py", line 59, in _view_wrapper
    return view_func(request, *args, **kwargs)
  File "E:\Campus Management System\campus_mgmt\courses\views.py", line 111, in enrollment_dashboard
    return render(request, 'courses/enrollment.html', context)
  File "E:\Campus Management System\campus_mgmt\env\Lib\site-packages\django\shortcuts.py", line 25, in render
    content = loader.render_to_string(template_name, context, request, using=using)
  File "E:\Campus Management System\campus_mgmt\env\Lib\site-packages\django\template\loader.py", line 61, in render_to_string
    template = get_template(template_name, using=using)
  File "E:\Campus Management System\campus_mgmt\env\Lib\site-packages\django\template\loader.py", line 19, in get_template
    raise TemplateDoesNotExist(template_name, chain=chain)
django.template.exceptions.TemplateDoesNotExist: courses/enrollment.html
2025-05-18 21:53:09,594 ERROR: Internal Server Error: /courses/dashboard/
Traceback (most recent call last):
  File "E:\Campus Management System\campus_mgmt\env\Lib\site-packages\django\core\handlers\exception.py", line 55, in inner
    response = get_response(request)
  File "E:\Campus Management System\campus_mgmt\env\Lib\site-packages\django\core\handlers\base.py", line 197, in _get_response
    response = wrapped_callback(request, *callback_args, **callback_kwargs)
  File "E:\Campus Management System\campus_mgmt\env\Lib\site-packages\django\contrib\auth\decorators.py", line 59, in _view_wrapper
    return view_func(request, *args, **kwargs)
  File "E:\Campus Management System\campus_mgmt\courses\views.py", line 111, in enrollment_dashboard
    return render(request, 'courses/enrollment.html', context)
  File "E:\Campus Management System\campus_mgmt\env\Lib\site-packages\django\shortcuts.py", line 25, in render
    content = loader.render_to_string(template_name, context, request, using=using)
  File "E:\Campus Management System\campus_mgmt\env\Lib\site-packages\django\template\loader.py", line 61, in render_to_string
    template = get_template(template_name, using=using)
  File "E:\Campus Management System\campus_mgmt\env\Lib\site-packages\django\template\loader.py", line 19, in get_template
    raise TemplateDoesNotExist(template_name, chain=chain)
django.template.exceptions.TemplateDoesNotExist: courses/enrollment.html
2025-05-18 21:53:14,117 ERROR: Internal Server Error: /courses/dashboard/
Traceback (most recent call last):
  File "E:\Campus Management System\campus_mgmt\env\Lib\site-packages\django\core\handlers\exception.py", line 55, in inner
    response = get_response(request)
  File "E:\Campus Management System\campus_mgmt\env\Lib\site-packages\django\core\handlers\base.py", line 197, in _get_response
    response = wrapped_callback(request, *callback_args, **callback_kwargs)
  File "E:\Campus Management System\campus_mgmt\env\Lib\site-packages\django\contrib\auth\decorators.py", line 59, in _view_wrapper
    return view_func(request, *args, **kwargs)
  File "E:\Campus Management System\campus_mgmt\courses\views.py", line 111, in enrollment_dashboard
    return render(request, 'courses/enrollment.html', context)
  File "E:\Campus Management System\campus_mgmt\env\Lib\site-packages\django\shortcuts.py", line 25, in render
    content = loader.render_to_string(template_name, context, request, using=using)
  File "E:\Campus Management System\campus_mgmt\env\Lib\site-packages\django\template\loader.py", line 61, in render_to_string
    template = get_template(template_name, using=using)
  File "E:\Campus Management System\campus_mgmt\env\Lib\site-packages\django\template\loader.py", line 19, in get_template
    raise TemplateDoesNotExist(template_name, chain=chain)
django.template.exceptions.TemplateDoesNotExist: courses/enrollment.html
2025-05-18 21:55:57,015 INFO: E:\Campus Management System\campus_mgmt\courses\urls.py changed, reloading.
2025-05-18 21:56:35,538 INFO: E:\Campus Management System\campus_mgmt\courses\views.py changed, reloading.
2025-05-18 21:59:04,256 INFO: teacher1 logged in
2025-05-18 22:02:19,504 INFO: teacher1 logged in
2025-05-18 22:02:26,771 INFO: admin logged in
2025-05-18 22:03:03,914 INFO: student1 logged in
2025-05-18 22:03:08,467 INFO: student1 submitted an assignment
2025-05-18 22:03:24,537 INFO: student1 submitted an assignment
2025-05-18 22:03:29,467 INFO: student1 logged in
2025-05-18 22:03:46,866 INFO: admin logged in
2025-05-18 22:05:16,122 INFO: teacher1 logged in
2025-05-18 22:15:12,267 INFO: teacher1 logged in
2025-05-18 22:15:19,936 INFO: teacher1 logged in
2025-05-18 22:15:30,486 INFO: student1 logged in
2025-05-18 22:15:37,409 INFO: student1 submitted an assignment
2025-05-18 22:15:47,480 INFO: student1 submitted an assignment
2025-05-18 22:16:02,799 INFO: teacher1 logged in
2025-05-18 22:18:27,141 INFO: E:\Campus Management System\campus_mgmt\submissions\views.py changed, reloading.
2025-05-18 22:18:38,544 INFO: student1 logged in
2025-05-18 22:18:46,478 INFO: student1 submitted an assignment
2025-05-18 22:18:57,016 INFO: student1 submitted an assignment
2025-05-18 22:20:38,035 INFO: student1 submitted an assignment
2025-05-18 22:21:13,931 INFO: E:\Campus Management System\campus_mgmt\submissions\views.py changed, reloading.
2025-05-18 22:24:14,323 INFO: student1 submitted an assignment
2025-05-18 22:24:28,026 INFO: student1 submitted an assignment
2025-05-18 22:24:47,140 INFO: teacher1 logged in
2025-05-18 22:25:23,837 INFO: teacher1 logged in
2025-05-18 22:25:30,074 INFO: admin logged in
2025-05-18 22:31:06,722 INFO: teacher1 logged in
2025-05-19 12:32:12,639 INFO: teacher1 logged in
2025-05-19 12:32:13,378 WARNING: Not Found: /favicon.ico
2025-05-19 12:32:20,123 INFO: teacher1 logged in
2025-05-19 12:46:57,892 INFO: E:\Campus Management System\campus_mgmt\courses\views.py changed, reloading.
2025-05-19 13:02:45,131 INFO: teacher1 logged in
2025-05-19 13:02:52,598 INFO: teacher1 logged in
2025-05-19 13:06:06,289 INFO: student1 logged in
2025-05-19 13:16:03,130 INFO: E:\Campus Management System\campus_mgmt\api\serializers.py changed, reloading.
2025-05-19 13:56:36,173 INFO: teacher1 logged in
2025-05-19 14:42:23,635 INFO: teacher1 logged in
2025-05-19 14:42:42,765 INFO: teacher1 logged in
2025-05-19 14:43:32,520 INFO: teacher1 logged in
2025-05-19 14:43:40,133 INFO: admin logged in
2025-05-19 14:59:26,406 WARNING: Unauthorized: /api/courses/
2025-05-19 15:01:29,153 WARNING: Unauthorized: /api/courses/
2025-05-19 15:33:42,025 WARNING: Unauthorized: /api/courses/
2025-05-19 15:36:35,335 WARNING: Unauthorized: /api/courses/
2025-05-19 15:37:42,181 WARNING: Unauthorized: /api/courses/
2025-05-19 15:38:49,467 WARNING: Unauthorized: /api/courses/
2025-05-19 15:40:51,341 WARNING: Unauthorized: /api/courses/
2025-05-19 15:45:37,510 INFO: admin logged in
2025-05-19 16:07:21,087 WARNING: Unauthorized: /api/
2025-05-19 16:08:44,694 WARNING: Unauthorized: /api/courses/
2025-05-19 16:19:17,307 WARNING: Unauthorized: /api/courses/
2025-05-19 16:20:26,841 WARNING: Unauthorized: /api/courses/
2025-05-19 16:36:26,533 INFO: E:\Campus Management System\campus_mgmt\courses\models.py changed, reloading.
